[01m[K/home/jason/lift_ws/src/lift_control/src/lift_state.cpp:20:21:[m[K [01;31m[Kerror: [m[Kâ€˜[01m[Klift_control[m[Kâ€™ does not name a type
   20 |     using Command = [01;31m[Klift_control[m[K::action::Command;
      |                     [01;31m[K^~~~~~~~~~~~[m[K
[01m[K/home/jason/lift_ws/src/lift_control/src/lift_state.cpp:21:63:[m[K [01;31m[Kerror: [m[Kâ€˜[01m[KCommand[m[Kâ€™ was not declared in this scope
   21 |     using GoalHandleCommand = rclcpp_action::ServerGoalHandle<[01;31m[KCommand[m[K>;
      |                                                               [01;31m[K^~~~~~~[m[K
[01m[K/home/jason/lift_ws/src/lift_control/src/lift_state.cpp:21:70:[m[K [01;31m[Kerror: [m[Ktemplate argument 1 is invalid
   21 |     using GoalHandleCommand = rclcpp_action::ServerGoalHandle<Command[01;31m[K>[m[K;
      |                                                                      [01;31m[K^[m[K
[01m[K/home/jason/lift_ws/src/lift_control/src/lift_state.cpp:49:27:[m[K [01;31m[Kerror: [m[Kâ€˜[01m[KCommand[m[Kâ€™ was not declared in this scope
   49 |     rclcpp_action::Server<[01;31m[KCommand[m[K>::SharedPtr action_server_;
      |                           [01;31m[K^~~~~~~[m[K
[01m[K/home/jason/lift_ws/src/lift_control/src/lift_state.cpp:49:34:[m[K [01;31m[Kerror: [m[Ktemplate argument 1 is invalid
   49 |     rclcpp_action::Server<Command[01;31m[K>[m[K::SharedPtr action_server_;
      |                                  [01;31m[K^[m[K
[01m[K/home/jason/lift_ws/src/lift_control/src/lift_state.cpp:49:37:[m[K [01;31m[Kerror: [m[Kexpected â€˜[01m[K;[m[Kâ€™ at end of member declaration
   49 |     rclcpp_action::Server<Command>::[01;31m[KSharedPtr[m[K action_server_;
      |                                     [01;31m[K^~~~~~~~~[m[K
      |                                              [32m[K;[m[K
[01m[K/home/jason/lift_ws/src/lift_control/src/lift_state.cpp:49:47:[m[K [01;31m[Kerror: [m[Kâ€˜[01m[Kaction_server_[m[Kâ€™ does not name a type; did you mean â€˜[01m[Krcl_action_server_t[m[Kâ€™?
   49 |     rclcpp_action::Server<Command>::SharedPtr [01;31m[Kaction_server_[m[K;
      |                                               [01;31m[K^~~~~~~~~~~~~~[m[K
      |                                               [32m[Krcl_action_server_t[m[K
[01m[K/home/jason/lift_ws/src/lift_control/src/lift_state.cpp:62:75:[m[K [01;31m[Kerror: [m[KISO C++ forbids declaration of â€˜[01m[Ktype name[m[Kâ€™ with no type [[01;31m[K]8;;https://gcc.gnu.org/onlinedocs/gcc/Warning-Options.html#index-fpermissive-fpermissive]8;;[m[K]
   62 |                                              std::shared_ptr<const Command[01;31m[K::[m[KGoal> goal)
      |                                                                           [01;31m[K^~[m[K
[01m[K/home/jason/lift_ws/src/lift_control/src/lift_state.cpp:62:81:[m[K [01;31m[Kerror: [m[Ktemplate argument 1 is invalid
   62 |                                              std::shared_ptr<const Command::Goal[01;31m[K>[m[K goal)
      |                                                                                 [01;31m[K^[m[K
[01m[K/home/jason/lift_ws/src/lift_control/src/lift_state.cpp:62:75:[m[K [01;31m[Kerror: [m[KISO C++ forbids declaration of â€˜[01m[Ktype name[m[Kâ€™ with no type [[01;31m[K]8;;https://gcc.gnu.org/onlinedocs/gcc/Warning-Options.html#index-fpermissive-fpermissive]8;;[m[K]
   62 |                                              std::shared_ptr<const Command[01;31m[K::[m[KGoal> goal)
      |                                                                           [01;31m[K^~[m[K
[01m[K/home/jason/lift_ws/src/lift_control/src/lift_state.cpp:62:81:[m[K [01;31m[Kerror: [m[Ktemplate argument 1 is invalid
   62 |                                              std::shared_ptr<const Command::Goal[01;31m[K>[m[K goal)
      |                                                                                 [01;31m[K^[m[K
[01m[K/home/jason/lift_ws/src/lift_control/src/lift_state.cpp:62:75:[m[K [01;31m[Kerror: [m[KISO C++ forbids declaration of â€˜[01m[Ktype name[m[Kâ€™ with no type [[01;31m[K]8;;https://gcc.gnu.org/onlinedocs/gcc/Warning-Options.html#index-fpermissive-fpermissive]8;;[m[K]
   62 |                                              std::shared_ptr<const Command[01;31m[K::[m[KGoal> goal)
      |                                                                           [01;31m[K^~[m[K
[01m[K/home/jason/lift_ws/src/lift_control/src/lift_state.cpp:62:81:[m[K [01;31m[Kerror: [m[Ktemplate argument 1 is invalid
   62 |                                              std::shared_ptr<const Command::Goal[01;31m[K>[m[K goal)
      |                                                                                 [01;31m[K^[m[K
[01m[K/home/jason/lift_ws/src/lift_control/src/lift_state.cpp:62:46:[m[K [01;31m[Kerror: [m[Kinvalid template-id
   62 |                                              [01;31m[Kstd[m[K::shared_ptr<const Command::Goal> goal)
      |                                              [01;31m[K^~~[m[K
[01m[K/home/jason/lift_ws/src/lift_control/src/lift_state.cpp:62:75:[m[K [01;31m[Kerror: [m[KISO C++ forbids declaration of â€˜[01m[Ktype name[m[Kâ€™ with no type [[01;31m[K]8;;https://gcc.gnu.org/onlinedocs/gcc/Warning-Options.html#index-fpermissive-fpermissive]8;;[m[K]
   62 |                                              std::shared_ptr<const Command[01;31m[K::[m[KGoal> goal)
      |                                                                           [01;31m[K^~[m[K
[01m[K/home/jason/lift_ws/src/lift_control/src/lift_state.cpp:62:62:[m[K [01;31m[Kerror: [m[Kexpected primary-expression before â€˜[01m[Kconst[m[Kâ€™
   62 |                                              std::shared_ptr<[01;31m[Kconst[m[K Command::Goal> goal)
      |                                                              [01;31m[K^~~~~[m[K
[01m[K/home/jason/lift_ws/src/lift_control/src/lift_state.cpp:62:62:[m[K [01;31m[Kerror: [m[Kexpected â€˜[01m[K>[m[Kâ€™ before â€˜[01m[Kconst[m[Kâ€™
[01m[K/home/jason/lift_ws/src/lift_control/src/lift_state.cpp:62:46:[m[K [01;31m[Kerror: [m[Kclass template placeholder â€˜[01m[Kstd::shared_ptr[m[Kâ€™ not permitted in this context
   62 |                                              [01;31m[Kstd[m[K::shared_ptr<const Command::Goal> goal)
      |                                              [01;31m[K^~~[m[K
[01m[K/home/jason/lift_ws/src/lift_control/src/lift_state.cpp:77:27:[m[K [01;31m[Kerror: [m[Kâ€˜[01m[KGoalHandleCommand[m[Kâ€™ was not declared in this scope
   77 |     const std::shared_ptr<[01;31m[KGoalHandleCommand[m[K> goal_handle)
      |                           [01;31m[K^~~~~~~~~~~~~~~~~[m[K
[01m[K/home/jason/lift_ws/src/lift_control/src/lift_state.cpp:77:44:[m[K [01;31m[Kerror: [m[Ktemplate argument 1 is invalid
   77 |     const std::shared_ptr<GoalHandleCommand[01;31m[K>[m[K goal_handle)
      |                                            [01;31m[K^[m[K
[01m[K/home/jason/lift_ws/src/lift_control/src/lift_state.cpp:84:46:[m[K [01;31m[Kerror: [m[Kâ€˜[01m[KGoalHandleCommand[m[Kâ€™ was not declared in this scope
   84 |   void handle_accepted(const std::shared_ptr<[01;31m[KGoalHandleCommand[m[K> goal_handle)
      |                                              [01;31m[K^~~~~~~~~~~~~~~~~[m[K
[01m[K/home/jason/lift_ws/src/lift_control/src/lift_state.cpp:84:63:[m[K [01;31m[Kerror: [m[Ktemplate argument 1 is invalid
   84 |   void handle_accepted(const std::shared_ptr<GoalHandleCommand[01;31m[K>[m[K goal_handle)
      |                                                               [01;31m[K^[m[K
[01m[K/home/jason/lift_ws/src/lift_control/src/lift_state.cpp:91:38:[m[K [01;31m[Kerror: [m[Kâ€˜[01m[KGoalHandleCommand[m[Kâ€™ was not declared in this scope
   91 |   void execute(const std::shared_ptr<[01;31m[KGoalHandleCommand[m[K> goal_handle)
      |                                      [01;31m[K^~~~~~~~~~~~~~~~~[m[K
[01m[K/home/jason/lift_ws/src/lift_control/src/lift_state.cpp:91:55:[m[K [01;31m[Kerror: [m[Ktemplate argument 1 is invalid
   91 |   void execute(const std::shared_ptr<GoalHandleCommand[01;31m[K>[m[K goal_handle)
      |                                                       [01;31m[K^[m[K
[01m[K/home/jason/lift_ws/src/lift_control/src/lift_state.cpp:[m[K In constructor â€˜[01m[KLift_State::Lift_State(const rclcpp::NodeOptions&)[m[Kâ€™:
[01m[K/home/jason/lift_ws/src/lift_control/src/lift_state.cpp:34:13:[m[K [01;31m[Kerror: [m[Kâ€˜[01m[Kclass Lift_State[m[Kâ€™ has no member named â€˜[01m[Kaction_server_[m[Kâ€™
   34 |       this->[01;31m[Kaction_server_[m[K = rclcpp_action::create_server<Command>(
      |             [01;31m[K^~~~~~~~~~~~~~[m[K
[01m[K/home/jason/lift_ws/src/lift_control/src/lift_state.cpp:34:59:[m[K [01;31m[Kerror: [m[Kâ€˜[01m[KCommand[m[Kâ€™ was not declared in this scope
   34 |       this->action_server_ = rclcpp_action::create_server<[01;31m[KCommand[m[K>(
      |                                                           [01;31m[K^~~~~~~[m[K
[01m[K/home/jason/lift_ws/src/lift_control/src/lift_state.cpp:34:67:[m[K [01;31m[Kerror: [m[Kno matching function for call to â€˜[01m[Kcreate_server<<expression error> >(Lift_State*, const char [12], std::_Bind_helper<false, rclcpp_action::GoalResponse (Lift_State::*)(...), Lift_State*, const std::_Placeholder<1>&, const std::_Placeholder<2>&>::type, std::_Bind_helper<false, rclcpp_action::CancelResponse (Lift_State::*)(int), Lift_State*, const std::_Placeholder<1>&>::type, std::_Bind_helper<false, void (Lift_State::*)(int), Lift_State*, const std::_Placeholder<1>&>::type)[m[Kâ€™
   34 |       this->action_server_ = [01;31m[Krclcpp_action::create_server<Command>([m[K
      |                              [01;31m[K~~~~~~~~~~~~~~~~~~~~~~~~~~~~~~~~~~~~~^[m[K
   35 | [01;31m[K        this,[m[K
      |         [01;31m[K~~~~~[m[K                                                      
   36 | [01;31m[K        "lift_action",[m[K
      |         [01;31m[K~~~~~~~~~~~~~~[m[K                                             
   37 | [01;31m[K        std::bind(&Lift_State::handle_goal, this, _1, _2),[m[K
      |         [01;31m[K~~~~~~~~~~~~~~~~~~~~~~~~~~~~~~~~~~~~~~~~~~~~~~~~~~[m[K         
   38 | [01;31m[K        std::bind(&Lift_State::handle_cancel, this, _1),[m[K
      |         [01;31m[K~~~~~~~~~~~~~~~~~~~~~~~~~~~~~~~~~~~~~~~~~~~~~~~~[m[K           
   39 | [01;31m[K        std::bind(&Lift_State::handle_accepted, this, _1))[m[K;
      |         [01;31m[K~~~~~~~~~~~~~~~~~~~~~~~~~~~~~~~~~~~~~~~~~~~~~~~~~~[m[K         
In file included from [01m[K/opt/ros/humble/include/rclcpp_action/rclcpp_action/rclcpp_action.hpp:39[m[K,
                 from [01m[K/home/jason/lift_ws/src/lift_control/src/lift_state.cpp:9[m[K:
[01m[K/opt/ros/humble/include/rclcpp_action/rclcpp_action/create_server.hpp:58:1:[m[K [01;36m[Knote: [m[Kcandidate: â€˜[01m[Ktemplate<class ActionT> typename rclcpp_action::Server<ActionT>::SharedPtr rclcpp_action::create_server(rclcpp::node_interfaces::NodeBaseInterface::SharedPtr, rclcpp::node_interfaces::NodeClockInterface::SharedPtr, rclcpp::node_interfaces::NodeLoggingInterface::SharedPtr, rclcpp::node_interfaces::NodeWaitablesInterface::SharedPtr, const string&, typename rclcpp_action::Server<ActionT>::GoalCallback, typename rclcpp_action::Server<ActionT>::CancelCallback, typename rclcpp_action::Server<ActionT>::AcceptedCallback, const rcl_action_server_options_t&, rclcpp::CallbackGroup::SharedPtr)[m[Kâ€™
   58 | [01;36m[Kcreate_server[m[K(
      | [01;36m[K^~~~~~~~~~~~~[m[K
[01m[K/opt/ros/humble/include/rclcpp_action/rclcpp_action/create_server.hpp:58:1:[m[K [01;36m[Knote: [m[K  template argument deduction/substitution failed:
[01m[K/home/jason/lift_ws/src/lift_control/src/lift_state.cpp:34:67:[m[K [01;31m[Kerror: [m[Ktemplate argument 1 is invalid
   34 |       this->action_server_ = [01;31m[Krclcpp_action::create_server<Command>([m[K
      |                              [01;31m[K~~~~~~~~~~~~~~~~~~~~~~~~~~~~~~~~~~~~~^[m[K
   35 | [01;31m[K        this,[m[K
      |         [01;31m[K~~~~~[m[K                                                      
   36 | [01;31m[K        "lift_action",[m[K
      |         [01;31m[K~~~~~~~~~~~~~~[m[K                                             
   37 | [01;31m[K        std::bind(&Lift_State::handle_goal, this, _1, _2),[m[K
      |         [01;31m[K~~~~~~~~~~~~~~~~~~~~~~~~~~~~~~~~~~~~~~~~~~~~~~~~~~[m[K         
   38 | [01;31m[K        std::bind(&Lift_State::handle_cancel, this, _1),[m[K
      |         [01;31m[K~~~~~~~~~~~~~~~~~~~~~~~~~~~~~~~~~~~~~~~~~~~~~~~~[m[K           
   39 | [01;31m[K        std::bind(&Lift_State::handle_accepted, this, _1))[m[K;
      |         [01;31m[K~~~~~~~~~~~~~~~~~~~~~~~~~~~~~~~~~~~~~~~~~~~~~~~~~~[m[K         
In file included from [01m[K/opt/ros/humble/include/rclcpp_action/rclcpp_action/rclcpp_action.hpp:39[m[K,
                 from [01m[K/home/jason/lift_ws/src/lift_control/src/lift_state.cpp:9[m[K:
[01m[K/opt/ros/humble/include/rclcpp_action/rclcpp_action/create_server.hpp:132:1:[m[K [01;36m[Knote: [m[Kcandidate: â€˜[01m[Ktemplate<class ActionT, class NodeT> typename rclcpp_action::Server<ActionT>::SharedPtr rclcpp_action::create_server(NodeT, const string&, typename rclcpp_action::Server<ActionT>::GoalCallback, typename rclcpp_action::Server<ActionT>::CancelCallback, typename rclcpp_action::Server<ActionT>::AcceptedCallback, const rcl_action_server_options_t&, rclcpp::CallbackGroup::SharedPtr)[m[Kâ€™
  132 | [01;36m[Kcreate_server[m[K(
      | [01;36m[K^~~~~~~~~~~~~[m[K
[01m[K/opt/ros/humble/include/rclcpp_action/rclcpp_action/create_server.hpp:132:1:[m[K [01;36m[Knote: [m[K  template argument deduction/substitution failed:
[01m[K/home/jason/lift_ws/src/lift_control/src/lift_state.cpp:34:67:[m[K [01;31m[Kerror: [m[Ktemplate argument 1 is invalid
   34 |       this->action_server_ = [01;31m[Krclcpp_action::create_server<Command>([m[K
      |                              [01;31m[K~~~~~~~~~~~~~~~~~~~~~~~~~~~~~~~~~~~~~^[m[K
   35 | [01;31m[K        this,[m[K
      |         [01;31m[K~~~~~[m[K                                                      
   36 | [01;31m[K        "lift_action",[m[K
      |         [01;31m[K~~~~~~~~~~~~~~[m[K                                             
   37 | [01;31m[K        std::bind(&Lift_State::handle_goal, this, _1, _2),[m[K
      |         [01;31m[K~~~~~~~~~~~~~~~~~~~~~~~~~~~~~~~~~~~~~~~~~~~~~~~~~~[m[K         
   38 | [01;31m[K        std::bind(&Lift_State::handle_cancel, this, _1),[m[K
      |         [01;31m[K~~~~~~~~~~~~~~~~~~~~~~~~~~~~~~~~~~~~~~~~~~~~~~~~[m[K           
   39 | [01;31m[K        std::bind(&Lift_State::handle_accepted, this, _1))[m[K;
      |         [01;31m[K~~~~~~~~~~~~~~~~~~~~~~~~~~~~~~~~~~~~~~~~~~~~~~~~~~[m[K         
In file included from [01m[K/opt/ros/humble/include/rclcpp/rclcpp/logging.hpp:24[m[K,
                 from [01m[K/opt/ros/humble/include/rclcpp/rclcpp/client.hpp:40[m[K,
                 from [01m[K/opt/ros/humble/include/rclcpp/rclcpp/callback_group.hpp:24[m[K,
                 from [01m[K/opt/ros/humble/include/rclcpp/rclcpp/any_executable.hpp:20[m[K,
                 from [01m[K/opt/ros/humble/include/rclcpp/rclcpp/memory_strategy.hpp:25[m[K,
                 from [01m[K/opt/ros/humble/include/rclcpp/rclcpp/memory_strategies.hpp:18[m[K,
                 from [01m[K/opt/ros/humble/include/rclcpp/rclcpp/executor_options.hpp:20[m[K,
                 from [01m[K/opt/ros/humble/include/rclcpp/rclcpp/executor.hpp:37[m[K,
                 from [01m[K/opt/ros/humble/include/rclcpp/rclcpp/executors/multi_threaded_executor.hpp:25[m[K,
                 from [01m[K/opt/ros/humble/include/rclcpp/rclcpp/executors.hpp:21[m[K,
                 from [01m[K/opt/ros/humble/include/rclcpp/rclcpp/rclcpp.hpp:155[m[K,
                 from [01m[K/home/jason/lift_ws/src/lift_control/src/lift_state.cpp:7[m[K:
[01m[K/home/jason/lift_ws/src/lift_control/src/lift_state.cpp:[m[K In member function â€˜[01m[Krclcpp_action::GoalResponse Lift_State::handle_goal(...)[m[Kâ€™:
[01m[K/home/jason/lift_ws/src/lift_control/src/lift_state.cpp:64:69:[m[K [01;31m[Kerror: [m[Kâ€˜[01m[Kgoal[m[Kâ€™ was not declared in this scope
   64 |     RCLCPP_INFO(this->get_logger(), "Received command request: %d", [01;31m[Kgoal[m[K->command);
      |                                                                     [01;31m[K^~~~[m[K
[01m[K/home/jason/lift_ws/src/lift_control/src/lift_state.cpp:69:9:[m[K [01;31m[Kerror: [m[Kâ€˜[01m[Kgoal[m[Kâ€™ was not declared in this scope
   69 |     if ([01;31m[Kgoal[m[K->command < 0) {
      |         [01;31m[K^~~~[m[K
[01m[K/home/jason/lift_ws/src/lift_control/src/lift_state.cpp:[m[K In member function â€˜[01m[Kvoid Lift_State::execute(int)[m[Kâ€™:
[01m[K/home/jason/lift_ws/src/lift_control/src/lift_state.cpp:96:34:[m[K [01;31m[Kerror: [m[Kbase operand of â€˜[01m[K->[m[Kâ€™ is not a pointer
   96 |     const auto goal = goal_handle[01;31m[K->[m[Kget_goal();
      |                                  [01;31m[K^~[m[K
[01m[K/home/jason/lift_ws/src/lift_control/src/lift_state.cpp:97:38:[m[K [01;31m[Kerror: [m[Kâ€˜[01m[KCommand[m[Kâ€™ was not declared in this scope
   97 |     auto feedback = std::make_shared<[01;31m[KCommand[m[K::Feedback>();
      |                                      [01;31m[K^~~~~~~[m[K
[01m[K/home/jason/lift_ws/src/lift_control/src/lift_state.cpp:97:26:[m[K [01;31m[Kerror: [m[Kparse error in template argument list
   97 |     auto feedback = std::[01;31m[Kmake_shared<Command::Feedback>[m[K();
      |                          [01;31m[K^~~~~~~~~~~~~~~~~~~~~~~~~~~~~~[m[K
[01m[K/home/jason/lift_ws/src/lift_control/src/lift_state.cpp:97:56:[m[K [01;31m[Kerror: [m[Kno matching function for call to â€˜[01m[Kmake_shared<<expression error> >()[m[Kâ€™
   97 |     auto feedback = [01;31m[Kstd::make_shared<Command::Feedback>()[m[K;
      |                     [01;31m[K~~~~~~~~~~~~~~~~~~~~~~~~~~~~~~~~~~~^~[m[K
In file included from [01m[K/usr/include/c++/11/memory:77[m[K,
                 from [01m[K/home/jason/lift_ws/src/lift_control/src/lift_state.cpp:3[m[K:
[01m[K/usr/include/c++/11/bits/shared_ptr.h:875:5:[m[K [01;36m[Knote: [m[Kcandidate: â€˜[01m[Ktemplate<class _Tp, class ... _Args> std::shared_ptr<_Tp> std::make_shared(_Args&& ...)[m[Kâ€™
  875 |     [01;36m[Kmake_shared[m[K(_Args&&... __args)
      |     [01;36m[K^~~~~~~~~~~[m[K
[01m[K/usr/include/c++/11/bits/shared_ptr.h:875:5:[m[K [01;36m[Knote: [m[K  template argument deduction/substitution failed:
[01m[K/home/jason/lift_ws/src/lift_control/src/lift_state.cpp:97:56:[m[K [01;31m[Kerror: [m[Ktemplate argument 1 is invalid
   97 |     auto feedback = [01;31m[Kstd::make_shared<Command::Feedback>()[m[K;
      |                     [01;31m[K~~~~~~~~~~~~~~~~~~~~~~~~~~~~~~~~~~~^~[m[K
[01m[K/home/jason/lift_ws/src/lift_control/src/lift_state.cpp:98:24:[m[K [01;31m[Kerror: [m[Kparse error in template argument list
   98 |     auto result = std::[01;31m[Kmake_shared<Command::Result>[m[K();
      |                        [01;31m[K^~~~~~~~~~~~~~~~~~~~~~~~~~~~[m[K
[01m[K/home/jason/lift_ws/src/lift_control/src/lift_state.cpp:98:52:[m[K [01;31m[Kerror: [m[Kno matching function for call to â€˜[01m[Kmake_shared<Command>()[m[Kâ€™
   98 |     auto result = [01;31m[Kstd::make_shared<Command::Result>()[m[K;
      |                   [01;31m[K~~~~~~~~~~~~~~~~~~~~~~~~~~~~~~~~~^~[m[K
In file included from [01m[K/usr/include/c++/11/memory:77[m[K,
                 from [01m[K/home/jason/lift_ws/src/lift_control/src/lift_state.cpp:3[m[K:
[01m[K/usr/include/c++/11/bits/shared_ptr.h:875:5:[m[K [01;36m[Knote: [m[Kcandidate: â€˜[01m[Ktemplate<class _Tp, class ... _Args> std::shared_ptr<_Tp> std::make_shared(_Args&& ...)[m[Kâ€™
  875 |     [01;36m[Kmake_shared[m[K(_Args&&... __args)
      |     [01;36m[K^~~~~~~~~~~[m[K
[01m[K/usr/include/c++/11/bits/shared_ptr.h:875:5:[m[K [01;36m[Knote: [m[K  template argument deduction/substitution failed:
[01m[K/home/jason/lift_ws/src/lift_control/src/lift_state.cpp:105:22:[m[K [01;31m[Kerror: [m[Kbase operand of â€˜[01m[K->[m[Kâ€™ is not a pointer
  105 |       if (goal_handle[01;31m[K->[m[Kis_canceling()) {
      |                      [01;31m[K^~[m[K
[01m[K/home/jason/lift_ws/src/lift_control/src/lift_state.cpp:107:20:[m[K [01;31m[Kerror: [m[Kbase operand of â€˜[01m[K->[m[Kâ€™ is not a pointer
  107 |         goal_handle[01;31m[K->[m[Kcanceled(result);
      |                    [01;31m[K^~[m[K
[01m[K/home/jason/lift_ws/src/lift_control/src/lift_state.cpp:115:18:[m[K [01;31m[Kerror: [m[Kbase operand of â€˜[01m[K->[m[Kâ€™ is not a pointer
  115 |       goal_handle[01;31m[K->[m[Kpublish_feedback(feedback);
      |                  [01;31m[K^~[m[K
[01m[K/home/jason/lift_ws/src/lift_control/src/lift_state.cpp:124:18:[m[K [01;31m[Kerror: [m[Kbase operand of â€˜[01m[K->[m[Kâ€™ is not a pointer
  124 |       goal_handle[01;31m[K->[m[Ksucceed(result);
      |                  [01;31m[K^~[m[K
[01m[K/home/jason/lift_ws/src/lift_control/src/lift_state.cpp:20:21:[m[K [01;31m[Kerror: [m[Kâ€˜[01m[Klift_control[m[Kâ€™ does not name a type
   20 |     using Command = [01;31m[Klift_control[m[K::action::Command;
      |                     [01;31m[K^~~~~~~~~~~~[m[K
[01m[K/home/jason/lift_ws/src/lift_control/src/lift_state.cpp:21:63:[m[K [01;31m[Kerror: [m[Kâ€˜[01m[KCommand[m[Kâ€™ was not declared in this scope
   21 |     using GoalHandleCommand = rclcpp_action::ServerGoalHandle<[01;31m[KCommand[m[K>;
      |                                                               [01;31m[K^~~~~~~[m[K
[01m[K/home/jason/lift_ws/src/lift_control/src/lift_state.cpp:21:70:[m[K [01;31m[Kerror: [m[Ktemplate argument 1 is invalid
   21 |     using GoalHandleCommand = rclcpp_action::ServerGoalHandle<Command[01;31m[K>[m[K;
      |                                                                      [01;31m[K^[m[K
[01m[K/home/jason/lift_ws/src/lift_control/src/lift_state.cpp:49:27:[m[K [01;31m[Kerror: [m[Kâ€˜[01m[KCommand[m[Kâ€™ was not declared in this scope
   49 |     rclcpp_action::Server<[01;31m[KCommand[m[K>::SharedPtr action_server_;
      |                           [01;31m[K^~~~~~~[m[K
[01m[K/home/jason/lift_ws/src/lift_control/src/lift_state.cpp:49:34:[m[K [01;31m[Kerror: [m[Ktemplate argument 1 is invalid
   49 |     rclcpp_action::Server<Command[01;31m[K>[m[K::SharedPtr action_server_;
      |                                  [01;31m[K^[m[K
[01m[K/home/jason/lift_ws/src/lift_control/src/lift_state.cpp:49:37:[m[K [01;31m[Kerror: [m[Kexpected â€˜[01m[K;[m[Kâ€™ at end of member declaration
   49 |     rclcpp_action::Server<Command>::[01;31m[KSharedPtr[m[K action_server_;
      |                                     [01;31m[K^~~~~~~~~[m[K
      |                                              [32m[K;[m[K
[01m[K/home/jason/lift_ws/src/lift_control/src/lift_state.cpp:49:47:[m[K [01;31m[Kerror: [m[Kâ€˜[01m[Kaction_server_[m[Kâ€™ does not name a type; did you mean â€˜[01m[Krcl_action_server_t[m[Kâ€™?
   49 |     rclcpp_action::Server<Command>::SharedPtr [01;31m[Kaction_server_[m[K;
      |                                               [01;31m[K^~~~~~~~~~~~~~[m[K
      |                                               [32m[Krcl_action_server_t[m[K
[01m[K/home/jason/lift_ws/src/lift_control/src/lift_state.cpp:62:75:[m[K [01;31m[Kerror: [m[KISO C++ forbids declaration of â€˜[01m[Ktype name[m[Kâ€™ with no type [[01;31m[K]8;;https://gcc.gnu.org/onlinedocs/gcc/Warning-Options.html#index-fpermissive-fpermissive]8;;[m[K]
   62 |                                              std::shared_ptr<const Command[01;31m[K::[m[KGoal> goal)
      |                                                                           [01;31m[K^~[m[K
[01m[K/home/jason/lift_ws/src/lift_control/src/lift_state.cpp:62:81:[m[K [01;31m[Kerror: [m[Ktemplate argument 1 is invalid
   62 |                                              std::shared_ptr<const Command::Goal[01;31m[K>[m[K goal)
      |                                                                                 [01;31m[K^[m[K
[01m[K/home/jason/lift_ws/src/lift_control/src/lift_state.cpp:62:75:[m[K [01;31m[Kerror: [m[KISO C++ forbids declaration of â€˜[01m[Ktype name[m[Kâ€™ with no type [[01;31m[K]8;;https://gcc.gnu.org/onlinedocs/gcc/Warning-Options.html#index-fpermissive-fpermissive]8;;[m[K]
   62 |                                              std::shared_ptr<const Command[01;31m[K::[m[KGoal> goal)
      |                                                                           [01;31m[K^~[m[K
[01m[K/home/jason/lift_ws/src/lift_control/src/lift_state.cpp:62:81:[m[K [01;31m[Kerror: [m[Ktemplate argument 1 is invalid
   62 |                                              std::shared_ptr<const Command::Goal[01;31m[K>[m[K goal)
      |                                                                                 [01;31m[K^[m[K
[01m[K/home/jason/lift_ws/src/lift_control/src/lift_state.cpp:62:75:[m[K [01;31m[Kerror: [m[KISO C++ forbids declaration of â€˜[01m[Ktype name[m[Kâ€™ with no type [[01;31m[K]8;;https://gcc.gnu.org/onlinedocs/gcc/Warning-Options.html#index-fpermissive-fpermissive]8;;[m[K]
   62 |                                              std::shared_ptr<const Command[01;31m[K::[m[KGoal> goal)
      |                                                                           [01;31m[K^~[m[K
[01m[K/home/jason/lift_ws/src/lift_control/src/lift_state.cpp:62:81:[m[K [01;31m[Kerror: [m[Ktemplate argument 1 is invalid
   62 |                                              std::shared_ptr<const Command::Goal[01;31m[K>[m[K goal)
      |                                                                                 [01;31m[K^[m[K
[01m[K/home/jason/lift_ws/src/lift_control/src/lift_state.cpp:62:46:[m[K [01;31m[Kerror: [m[Kinvalid template-id
   62 |                                              [01;31m[Kstd[m[K::shared_ptr<const Command::Goal> goal)
      |                                              [01;31m[K^~~[m[K
[01m[K/home/jason/lift_ws/src/lift_control/src/lift_state.cpp:62:75:[m[K [01;31m[Kerror: [m[KISO C++ forbids declaration of â€˜[01m[Ktype name[m[Kâ€™ with no type [[01;31m[K]8;;https://gcc.gnu.org/onlinedocs/gcc/Warning-Options.html#index-fpermissive-fpermissive]8;;[m[K]
   62 |                                              std::shared_ptr<const Command[01;31m[K::[m[KGoal> goal)
      |                                                                           [01;31m[K^~[m[K
[01m[K/home/jason/lift_ws/src/lift_control/src/lift_state.cpp:62:62:[m[K [01;31m[Kerror: [m[Kexpected primary-expression before â€˜[01m[Kconst[m[Kâ€™
   62 |                                              std::shared_ptr<[01;31m[Kconst[m[K Command::Goal> goal)
      |                                                              [01;31m[K^~~~~[m[K
[01m[K/home/jason/lift_ws/src/lift_control/src/lift_state.cpp:62:62:[m[K [01;31m[Kerror: [m[Kexpected â€˜[01m[K>[m[Kâ€™ before â€˜[01m[Kconst[m[Kâ€™
[01m[K/home/jason/lift_ws/src/lift_control/src/lift_state.cpp:62:46:[m[K [01;31m[Kerror: [m[Kclass template placeholder â€˜[01m[Kstd::shared_ptr[m[Kâ€™ not permitted in this context
   62 |                                              [01;31m[Kstd[m[K::shared_ptr<const Command::Goal> goal)
      |                                              [01;31m[K^~~[m[K
[01m[K/home/jason/lift_ws/src/lift_control/src/lift_state.cpp:77:27:[m[K [01;31m[Kerror: [m[Kâ€˜[01m[KGoalHandleCommand[m[Kâ€™ was not declared in this scope
   77 |     const std::shared_ptr<[01;31m[KGoalHandleCommand[m[K> goal_handle)
      |                           [01;31m[K^~~~~~~~~~~~~~~~~[m[K
[01m[K/home/jason/lift_ws/src/lift_control/src/lift_state.cpp:77:44:[m[K [01;31m[Kerror: [m[Ktemplate argument 1 is invalid
   77 |     const std::shared_ptr<GoalHandleCommand[01;31m[K>[m[K goal_handle)
      |                                            [01;31m[K^[m[K
[01m[K/home/jason/lift_ws/src/lift_control/src/lift_state.cpp:84:46:[m[K [01;31m[Kerror: [m[Kâ€˜[01m[KGoalHandleCommand[m[Kâ€™ was not declared in this scope
   84 |   void handle_accepted(const std::shared_ptr<[01;31m[KGoalHandleCommand[m[K> goal_handle)
      |                                              [01;31m[K^~~~~~~~~~~~~~~~~[m[K
[01m[K/home/jason/lift_ws/src/lift_control/src/lift_state.cpp:84:63:[m[K [01;31m[Kerror: [m[Ktemplate argument 1 is invalid
   84 |   void handle_accepted(const std::shared_ptr<GoalHandleCommand[01;31m[K>[m[K goal_handle)
      |                                                               [01;31m[K^[m[K
[01m[K/home/jason/lift_ws/src/lift_control/src/lift_state.cpp:91:38:[m[K [01;31m[Kerror: [m[Kâ€˜[01m[KGoalHandleCommand[m[Kâ€™ was not declared in this scope
   91 |   void execute(const std::shared_ptr<[01;31m[KGoalHandleCommand[m[K> goal_handle)
      |                                      [01;31m[K^~~~~~~~~~~~~~~~~[m[K
[01m[K/home/jason/lift_ws/src/lift_control/src/lift_state.cpp:91:55:[m[K [01;31m[Kerror: [m[Ktemplate argument 1 is invalid
   91 |   void execute(const std::shared_ptr<GoalHandleCommand[01;31m[K>[m[K goal_handle)
      |                                                       [01;31m[K^[m[K
[01m[K/home/jason/lift_ws/src/lift_control/src/lift_state.cpp:[m[K In constructor â€˜[01m[KLift_State::Lift_State(const rclcpp::NodeOptions&)[m[Kâ€™:
[01m[K/home/jason/lift_ws/src/lift_control/src/lift_state.cpp:34:13:[m[K [01;31m[Kerror: [m[Kâ€˜[01m[Kclass Lift_State[m[Kâ€™ has no member named â€˜[01m[Kaction_server_[m[Kâ€™
   34 |       this->[01;31m[Kaction_server_[m[K = rclcpp_action::create_server<Command>(
      |             [01;31m[K^~~~~~~~~~~~~~[m[K
[01m[K/home/jason/lift_ws/src/lift_control/src/lift_state.cpp:34:59:[m[K [01;31m[Kerror: [m[Kâ€˜[01m[KCommand[m[Kâ€™ was not declared in this scope
   34 |       this->action_server_ = rclcpp_action::create_server<[01;31m[KCommand[m[K>(
      |                                                           [01;31m[K^~~~~~~[m[K
[01m[K/home/jason/lift_ws/src/lift_control/src/lift_state.cpp:34:67:[m[K [01;31m[Kerror: [m[Kno matching function for call to â€˜[01m[Kcreate_server<<expression error> >(Lift_State*, const char [12], std::_Bind_helper<false, rclcpp_action::GoalResponse (Lift_State::*)(...), Lift_State*, const std::_Placeholder<1>&, const std::_Placeholder<2>&>::type, std::_Bind_helper<false, rclcpp_action::CancelResponse (Lift_State::*)(int), Lift_State*, const std::_Placeholder<1>&>::type, std::_Bind_helper<false, void (Lift_State::*)(int), Lift_State*, const std::_Placeholder<1>&>::type)[m[Kâ€™
   34 |       this->action_server_ = [01;31m[Krclcpp_action::create_server<Command>([m[K
      |                              [01;31m[K~~~~~~~~~~~~~~~~~~~~~~~~~~~~~~~~~~~~~^[m[K
   35 | [01;31m[K        this,[m[K
      |         [01;31m[K~~~~~[m[K                                                      
   36 | [01;31m[K        "lift_action",[m[K
      |         [01;31m[K~~~~~~~~~~~~~~[m[K                                             
   37 | [01;31m[K        std::bind(&Lift_State::handle_goal, this, _1, _2),[m[K
      |         [01;31m[K~~~~~~~~~~~~~~~~~~~~~~~~~~~~~~~~~~~~~~~~~~~~~~~~~~[m[K         
   38 | [01;31m[K        std::bind(&Lift_State::handle_cancel, this, _1),[m[K
      |         [01;31m[K~~~~~~~~~~~~~~~~~~~~~~~~~~~~~~~~~~~~~~~~~~~~~~~~[m[K           
   39 | [01;31m[K        std::bind(&Lift_State::handle_accepted, this, _1))[m[K;
      |         [01;31m[K~~~~~~~~~~~~~~~~~~~~~~~~~~~~~~~~~~~~~~~~~~~~~~~~~~[m[K         
In file included from [01m[K/opt/ros/humble/include/rclcpp_action/rclcpp_action/rclcpp_action.hpp:39[m[K,
                 from [01m[K/home/jason/lift_ws/src/lift_control/src/lift_state.cpp:9[m[K:
[01m[K/opt/ros/humble/include/rclcpp_action/rclcpp_action/create_server.hpp:58:1:[m[K [01;36m[Knote: [m[Kcandidate: â€˜[01m[Ktemplate<class ActionT> typename rclcpp_action::Server<ActionT>::SharedPtr rclcpp_action::create_server(rclcpp::node_interfaces::NodeBaseInterface::SharedPtr, rclcpp::node_interfaces::NodeClockInterface::SharedPtr, rclcpp::node_interfaces::NodeLoggingInterface::SharedPtr, rclcpp::node_interfaces::NodeWaitablesInterface::SharedPtr, const string&, typename rclcpp_action::Server<ActionT>::GoalCallback, typename rclcpp_action::Server<ActionT>::CancelCallback, typename rclcpp_action::Server<ActionT>::AcceptedCallback, const rcl_action_server_options_t&, rclcpp::CallbackGroup::SharedPtr)[m[Kâ€™
   58 | [01;36m[Kcreate_server[m[K(
      | [01;36m[K^~~~~~~~~~~~~[m[K
[01m[K/opt/ros/humble/include/rclcpp_action/rclcpp_action/create_server.hpp:58:1:[m[K [01;36m[Knote: [m[K  template argument deduction/substitution failed:
[01m[K/home/jason/lift_ws/src/lift_control/src/lift_state.cpp:34:67:[m[K [01;31m[Kerror: [m[Ktemplate argument 1 is invalid
   34 |       this->action_server_ = [01;31m[Krclcpp_action::create_server<Command>([m[K
      |                              [01;31m[K~~~~~~~~~~~~~~~~~~~~~~~~~~~~~~~~~~~~~^[m[K
   35 | [01;31m[K        this,[m[K
      |         [01;31m[K~~~~~[m[K                                                      
   36 | [01;31m[K        "lift_action",[m[K
      |         [01;31m[K~~~~~~~~~~~~~~[m[K                                             
   37 | [01;31m[K        std::bind(&Lift_State::handle_goal, this, _1, _2),[m[K
      |         [01;31m[K~~~~~~~~~~~~~~~~~~~~~~~~~~~~~~~~~~~~~~~~~~~~~~~~~~[m[K         
   38 | [01;31m[K        std::bind(&Lift_State::handle_cancel, this, _1),[m[K
      |         [01;31m[K~~~~~~~~~~~~~~~~~~~~~~~~~~~~~~~~~~~~~~~~~~~~~~~~[m[K           
   39 | [01;31m[K        std::bind(&Lift_State::handle_accepted, this, _1))[m[K;
      |         [01;31m[K~~~~~~~~~~~~~~~~~~~~~~~~~~~~~~~~~~~~~~~~~~~~~~~~~~[m[K         
In file included from [01m[K/opt/ros/humble/include/rclcpp_action/rclcpp_action/rclcpp_action.hpp:39[m[K,
                 from [01m[K/home/jason/lift_ws/src/lift_control/src/lift_state.cpp:9[m[K:
[01m[K/opt/ros/humble/include/rclcpp_action/rclcpp_action/create_server.hpp:132:1:[m[K [01;36m[Knote: [m[Kcandidate: â€˜[01m[Ktemplate<class ActionT, class NodeT> typename rclcpp_action::Server<ActionT>::SharedPtr rclcpp_action::create_server(NodeT, const string&, typename rclcpp_action::Server<ActionT>::GoalCallback, typename rclcpp_action::Server<ActionT>::CancelCallback, typename rclcpp_action::Server<ActionT>::AcceptedCallback, const rcl_action_server_options_t&, rclcpp::CallbackGroup::SharedPtr)[m[Kâ€™
  132 | [01;36m[Kcreate_server[m[K(
      | [01;36m[K^~~~~~~~~~~~~[m[K
[01m[K/opt/ros/humble/include/rclcpp_action/rclcpp_action/create_server.hpp:132:1:[m[K [01;36m[Knote: [m[K  template argument deduction/substitution failed:
[01m[K/home/jason/lift_ws/src/lift_control/src/lift_state.cpp:34:67:[m[K [01;31m[Kerror: [m[Ktemplate argument 1 is invalid
   34 |       this->action_server_ = [01;31m[Krclcpp_action::create_server<Command>([m[K
      |                              [01;31m[K~~~~~~~~~~~~~~~~~~~~~~~~~~~~~~~~~~~~~^[m[K
   35 | [01;31m[K        this,[m[K
      |         [01;31m[K~~~~~[m[K                                                      
   36 | [01;31m[K        "lift_action",[m[K
      |         [01;31m[K~~~~~~~~~~~~~~[m[K                                             
   37 | [01;31m[K        std::bind(&Lift_State::handle_goal, this, _1, _2),[m[K
      |         [01;31m[K~~~~~~~~~~~~~~~~~~~~~~~~~~~~~~~~~~~~~~~~~~~~~~~~~~[m[K         
   38 | [01;31m[K        std::bind(&Lift_State::handle_cancel, this, _1),[m[K
      |         [01;31m[K~~~~~~~~~~~~~~~~~~~~~~~~~~~~~~~~~~~~~~~~~~~~~~~~[m[K           
   39 | [01;31m[K        std::bind(&Lift_State::handle_accepted, this, _1))[m[K;
      |         [01;31m[K~~~~~~~~~~~~~~~~~~~~~~~~~~~~~~~~~~~~~~~~~~~~~~~~~~[m[K         
In file included from [01m[K/opt/ros/humble/include/rclcpp/rclcpp/logging.hpp:24[m[K,
                 from [01m[K/opt/ros/humble/include/rclcpp/rclcpp/client.hpp:40[m[K,
                 from [01m[K/opt/ros/humble/include/rclcpp/rclcpp/callback_group.hpp:24[m[K,
                 from [01m[K/opt/ros/humble/include/rclcpp/rclcpp/any_executable.hpp:20[m[K,
                 from [01m[K/opt/ros/humble/include/rclcpp/rclcpp/memory_strategy.hpp:25[m[K,
                 from [01m[K/opt/ros/humble/include/rclcpp/rclcpp/memory_strategies.hpp:18[m[K,
                 from [01m[K/opt/ros/humble/include/rclcpp/rclcpp/executor_options.hpp:20[m[K,
                 from [01m[K/opt/ros/humble/include/rclcpp/rclcpp/executor.hpp:37[m[K,
                 from [01m[K/opt/ros/humble/include/rclcpp/rclcpp/executors/multi_threaded_executor.hpp:25[m[K,
                 from [01m[K/opt/ros/humble/include/rclcpp/rclcpp/executors.hpp:21[m[K,
                 from [01m[K/opt/ros/humble/include/rclcpp/rclcpp/rclcpp.hpp:155[m[K,
                 from [01m[K/home/jason/lift_ws/src/lift_control/src/lift_state.cpp:7[m[K:
[01m[K/home/jason/lift_ws/src/lift_control/src/lift_state.cpp:[m[K In member function â€˜[01m[Krclcpp_action::GoalResponse Lift_State::handle_goal(...)[m[Kâ€™:
[01m[K/home/jason/lift_ws/src/lift_control/src/lift_state.cpp:64:69:[m[K [01;31m[Kerror: [m[Kâ€˜[01m[Kgoal[m[Kâ€™ was not declared in this scope
   64 |     RCLCPP_INFO(this->get_logger(), "Received command request: %d", [01;31m[Kgoal[m[K->command);
      |                                                                     [01;31m[K^~~~[m[K
[01m[K/home/jason/lift_ws/src/lift_control/src/lift_state.cpp:69:9:[m[K [01;31m[Kerror: [m[Kâ€˜[01m[Kgoal[m[Kâ€™ was not declared in this scope
   69 |     if ([01;31m[Kgoal[m[K->command < 0) {
      |         [01;31m[K^~~~[m[K
[01m[K/home/jason/lift_ws/src/lift_control/src/lift_state.cpp:[m[K In member function â€˜[01m[Kvoid Lift_State::execute(int)[m[Kâ€™:
[01m[K/home/jason/lift_ws/src/lift_control/src/lift_state.cpp:96:34:[m[K [01;31m[Kerror: [m[Kbase operand of â€˜[01m[K->[m[Kâ€™ is not a pointer
   96 |     const auto goal = goal_handle[01;31m[K->[m[Kget_goal();
      |                                  [01;31m[K^~[m[K
[01m[K/home/jason/lift_ws/src/lift_control/src/lift_state.cpp:97:38:[m[K [01;31m[Kerror: [m[Kâ€˜[01m[KCommand[m[Kâ€™ was not declared in this scope
   97 |     auto feedback = std::make_shared<[01;31m[KCommand[m[K::Feedback>();
      |                                      [01;31m[K^~~~~~~[m[K
[01m[K/home/jason/lift_ws/src/lift_control/src/lift_state.cpp:97:26:[m[K [01;31m[Kerror: [m[Kparse error in template argument list
   97 |     auto feedback = std::[01;31m[Kmake_shared<Command::Feedback>[m[K();
      |                          [01;31m[K^~~~~~~~~~~~~~~~~~~~~~~~~~~~~~[m[K
[01m[K/home/jason/lift_ws/src/lift_control/src/lift_state.cpp:97:56:[m[K [01;31m[Kerror: [m[Kno matching function for call to â€˜[01m[Kmake_shared<<expression error> >()[m[Kâ€™
   97 |     auto feedback = [01;31m[Kstd::make_shared<Command::Feedback>()[m[K;
      |                     [01;31m[K~~~~~~~~~~~~~~~~~~~~~~~~~~~~~~~~~~~^~[m[K
In file included from [01m[K/usr/include/c++/11/memory:77[m[K,
                 from [01m[K/home/jason/lift_ws/src/lift_control/src/lift_state.cpp:3[m[K:
[01m[K/usr/include/c++/11/bits/shared_ptr.h:875:5:[m[K [01;36m[Knote: [m[Kcandidate: â€˜[01m[Ktemplate<class _Tp, class ... _Args> std::shared_ptr<_Tp> std::make_shared(_Args&& ...)[m[Kâ€™
  875 |     [01;36m[Kmake_shared[m[K(_Args&&... __args)
      |     [01;36m[K^~~~~~~~~~~[m[K
[01m[K/usr/include/c++/11/bits/shared_ptr.h:875:5:[m[K [01;36m[Knote: [m[K  template argument deduction/substitution failed:
[01m[K/home/jason/lift_ws/src/lift_control/src/lift_state.cpp:97:56:[m[K [01;31m[Kerror: [m[Ktemplate argument 1 is invalid
   97 |     auto feedback = [01;31m[Kstd::make_shared<Command::Feedback>()[m[K;
      |                     [01;31m[K~~~~~~~~~~~~~~~~~~~~~~~~~~~~~~~~~~~^~[m[K
[01m[K/home/jason/lift_ws/src/lift_control/src/lift_state.cpp:98:24:[m[K [01;31m[Kerror: [m[Kparse error in template argument list
   98 |     auto result = std::[01;31m[Kmake_shared<Command::Result>[m[K();
      |                        [01;31m[K^~~~~~~~~~~~~~~~~~~~~~~~~~~~[m[K
[01m[K/home/jason/lift_ws/src/lift_control/src/lift_state.cpp:98:52:[m[K [01;31m[Kerror: [m[Kno matching function for call to â€˜[01m[Kmake_shared<Command>()[m[Kâ€™
   98 |     auto result = [01;31m[Kstd::make_shared<Command::Result>()[m[K;
      |                   [01;31m[K~~~~~~~~~~~~~~~~~~~~~~~~~~~~~~~~~^~[m[K
In file included from [01m[K/usr/include/c++/11/memory:77[m[K,
                 from [01m[K/home/jason/lift_ws/src/lift_control/src/lift_state.cpp:3[m[K:
[01m[K/usr/include/c++/11/bits/shared_ptr.h:875:5:[m[K [01;36m[Knote: [m[Kcandidate: â€˜[01m[Ktemplate<class _Tp, class ... _Args> std::shared_ptr<_Tp> std::make_shared(_Args&& ...)[m[Kâ€™
  875 |     [01;36m[Kmake_shared[m[K(_Args&&... __args)
      |     [01;36m[K^~~~~~~~~~~[m[K
[01m[K/usr/include/c++/11/bits/shared_ptr.h:875:5:[m[K [01;36m[Knote: [m[K  template argument deduction/substitution failed:
[01m[K/home/jason/lift_ws/src/lift_control/src/lift_state.cpp:105:22:[m[K [01;31m[Kerror: [m[Kbase operand of â€˜[01m[K->[m[Kâ€™ is not a pointer
  105 |       if (goal_handle[01;31m[K->[m[Kis_canceling()) {
      |                      [01;31m[K^~[m[K
[01m[K/home/jason/lift_ws/src/lift_control/src/lift_state.cpp:107:20:[m[K [01;31m[Kerror: [m[Kbase operand of â€˜[01m[K->[m[Kâ€™ is not a pointer
  107 |         goal_handle[01;31m[K->[m[Kcanceled(result);
      |                    [01;31m[K^~[m[K
[01m[K/home/jason/lift_ws/src/lift_control/src/lift_state.cpp:115:18:[m[K [01;31m[Kerror: [m[Kbase operand of â€˜[01m[K->[m[Kâ€™ is not a pointer
  115 |       goal_handle[01;31m[K->[m[Kpublish_feedback(feedback);
      |                  [01;31m[K^~[m[K
[01m[K/home/jason/lift_ws/src/lift_control/src/lift_state.cpp:124:18:[m[K [01;31m[Kerror: [m[Kbase operand of â€˜[01m[K->[m[Kâ€™ is not a pointer
  124 |       goal_handle[01;31m[K->[m[Ksucceed(result);
      |                  [01;31m[K^~[m[K
gmake[2]: *** [CMakeFiles/action_server.dir/build.make:76: CMakeFiles/action_server.dir/src/lift_state.cpp.o] Error 1
gmake[1]: *** [CMakeFiles/Makefile2:596: CMakeFiles/action_server.dir/all] Error 2
gmake[1]: *** Waiting for unfinished jobs....
gmake[2]: *** [CMakeFiles/lift_state.dir/build.make:76: CMakeFiles/lift_state.dir/src/lift_state.cpp.o] Error 1
gmake[1]: *** [CMakeFiles/Makefile2:622: CMakeFiles/lift_state.dir/all] Error 2
gmake: *** [Makefile:146: all] Error 2
