[0.009s] Invoking command in '/home/jason/lift_ws/src/lift_control/build/lift_control': CMAKE_PREFIX_PATH=${CMAKE_PREFIX_PATH}:/home/jason/turtlebot3_ws/install/turtlebot3_teleop:/home/jason/turtlebot3_ws/install/turtlebot3_example:/home/jason/colcon_ws/install/tb3_multi_robot:/home/jason/colcon_ws/install/py_pubsub:/home/jason/colcon_ws/install/auto_nav:/opt/ros/humble /usr/bin/cmake /home/jason/lift_ws/src/lift_control -DCMAKE_INSTALL_PREFIX=/home/jason/lift_ws/src/lift_control/install/lift_control
[0.076s] -- The C compiler identification is GNU 11.4.0
[0.148s] -- The CXX compiler identification is GNU 11.4.0
[0.155s] -- Detecting C compiler ABI info
[0.250s] -- Detecting C compiler ABI info - done
[0.256s] -- Check for working C compiler: /usr/bin/cc - skipped
[0.257s] -- Detecting C compile features
[0.257s] -- Detecting C compile features - done
[0.261s] -- Detecting CXX compiler ABI info
[0.361s] -- Detecting CXX compiler ABI info - done
[0.366s] -- Check for working CXX compiler: /usr/bin/c++ - skipped
[0.367s] -- Detecting CXX compile features
[0.367s] -- Detecting CXX compile features - done
[0.369s] -- Found ament_cmake: 1.3.12 (/opt/ros/humble/share/ament_cmake/cmake)
[0.512s] -- Found Python3: /usr/bin/python3 (found version "3.10.12") found components: Interpreter 
[0.583s] -- Found rclcpp: 16.0.15 (/opt/ros/humble/share/rclcpp/cmake)
[0.617s] -- Found rosidl_generator_c: 3.1.7 (/opt/ros/humble/share/rosidl_generator_c/cmake)
[0.622s] -- Found rosidl_adapter: 3.1.7 (/opt/ros/humble/share/rosidl_adapter/cmake)
[0.628s] -- Found rosidl_generator_cpp: 3.1.7 (/opt/ros/humble/share/rosidl_generator_cpp/cmake)
[0.638s] -- Using all available rosidl_typesupport_c: rosidl_typesupport_fastrtps_c;rosidl_typesupport_introspection_c
[0.650s] -- Using all available rosidl_typesupport_cpp: rosidl_typesupport_fastrtps_cpp;rosidl_typesupport_introspection_cpp
[0.684s] -- Found rmw_implementation_cmake: 6.1.2 (/opt/ros/humble/share/rmw_implementation_cmake/cmake)
[0.687s] -- Found rmw_fastrtps_cpp: 6.2.9 (/opt/ros/humble/share/rmw_fastrtps_cpp/cmake)
[0.779s] -- Found OpenSSL: /usr/lib/x86_64-linux-gnu/libcrypto.so (found version "3.0.2")  
[0.806s] -- Found FastRTPS: /opt/ros/humble/include  
[0.840s] -- Using RMW implementation 'rmw_fastrtps_cpp' as default
[0.847s] -- Looking for pthread.h
[0.921s] -- Looking for pthread.h - found
[0.921s] -- Performing Test CMAKE_HAVE_LIBC_PTHREAD
[1.016s] -- Performing Test CMAKE_HAVE_LIBC_PTHREAD - Success
[1.018s] -- Found Threads: TRUE  
[1.064s] -- Found rclcpp_action: 16.0.15 (/opt/ros/humble/share/rclcpp_action/cmake)
[1.089s] -- Found rclcpp_components: 16.0.15 (/opt/ros/humble/share/rclcpp_components/cmake)
[1.109s] -- Found rosidl_default_generators: 1.2.0 (/opt/ros/humble/share/rosidl_default_generators/cmake)
[1.318s] -- Found ament_cmake_ros: 0.10.0 (/opt/ros/humble/share/ament_cmake_ros/cmake)
[1.531s] -- Using all available rosidl_typesupport_c: rosidl_typesupport_fastrtps_c;rosidl_typesupport_introspection_c
[1.616s] -- Using all available rosidl_typesupport_cpp: rosidl_typesupport_fastrtps_cpp;rosidl_typesupport_introspection_cpp
[1.644s] -- Found PythonInterp: /usr/bin/python3 (found suitable version "3.10.12", minimum required is "3.6") 
[1.647s] -- Found python_cmake_module: 0.10.0 (/opt/ros/humble/share/python_cmake_module/cmake)
[1.676s] -- Found PythonLibs: /usr/lib/x86_64-linux-gnu/libpython3.10.so (found suitable version "3.10.12", minimum required is "3.5") 
[1.676s] -- Using PYTHON_EXECUTABLE: /usr/bin/python3
[1.676s] -- Using PYTHON_INCLUDE_DIRS: /usr/include/python3.10
[1.677s] -- Using PYTHON_LIBRARIES: /usr/lib/x86_64-linux-gnu/libpython3.10.so
[1.695s] -- Found PythonExtra: .so  
[1.754s] -- Found ament_lint_auto: 0.12.14 (/opt/ros/humble/share/ament_lint_auto/cmake)
[1.774s] -- Added test 'cppcheck' to perform static code analysis on C / C++ code
[1.775s] -- Configured cppcheck include dirs: $<BUILD_INTERFACE:/home/jason/lift_ws/src/lift_control/build/lift_control/rosidl_generator_c>;$<BUILD_INTERFACE:/home/jason/lift_ws/src/lift_control/build/lift_control/rosidl_typesupport_fastrtps_c>;$<BUILD_INTERFACE:/home/jason/lift_ws/src/lift_control/build/lift_control/rosidl_generator_cpp>;$<BUILD_INTERFACE:/home/jason/lift_ws/src/lift_control/build/lift_control/rosidl_typesupport_fastrtps_cpp>;$<BUILD_INTERFACE:/home/jason/lift_ws/src/lift_control/build/lift_control/rosidl_typesupport_introspection_c>;$<BUILD_INTERFACE:/home/jason/lift_ws/src/lift_control/build/lift_control/rosidl_typesupport_introspection_cpp>;/home/jason/lift_ws/src/lift_control/build/lift_control/rosidl_generator_c;/home/jason/lift_ws/src/lift_control/build/lift_control/rosidl_generator_py;$<BUILD_INTERFACE:/home/jason/lift_ws/src/lift_control/include>
[1.775s] -- Configured cppcheck exclude dirs and/or files: 
[1.776s] -- Added test 'flake8' to check Python code syntax and style conventions
[1.777s] -- Added test 'lint_cmake' to check CMake code style
[1.779s] -- Added test 'pep257' to check Python code against some of the docstring style conventions in PEP 257
[1.784s] -- Added test 'uncrustify' to check C / C++ code style
[1.784s] -- Configured uncrustify additional arguments: 
[1.785s] -- Added test 'xmllint' to check XML markup files
[1.787s] -- Configuring done
[1.813s] -- Generating done
[1.824s] -- Build files have been written to: /home/jason/lift_ws/src/lift_control/build/lift_control
[1.834s] Invoked command in '/home/jason/lift_ws/src/lift_control/build/lift_control' returned '0': CMAKE_PREFIX_PATH=${CMAKE_PREFIX_PATH}:/home/jason/turtlebot3_ws/install/turtlebot3_teleop:/home/jason/turtlebot3_ws/install/turtlebot3_example:/home/jason/colcon_ws/install/tb3_multi_robot:/home/jason/colcon_ws/install/py_pubsub:/home/jason/colcon_ws/install/auto_nav:/opt/ros/humble /usr/bin/cmake /home/jason/lift_ws/src/lift_control -DCMAKE_INSTALL_PREFIX=/home/jason/lift_ws/src/lift_control/install/lift_control
[1.835s] Invoking command in '/home/jason/lift_ws/src/lift_control/build/lift_control': CMAKE_PREFIX_PATH=${CMAKE_PREFIX_PATH}:/home/jason/turtlebot3_ws/install/turtlebot3_teleop:/home/jason/turtlebot3_ws/install/turtlebot3_example:/home/jason/colcon_ws/install/tb3_multi_robot:/home/jason/colcon_ws/install/py_pubsub:/home/jason/colcon_ws/install/auto_nav:/opt/ros/humble /usr/bin/cmake --build /home/jason/lift_ws/src/lift_control/build/lift_control -- -j20 -l20
[1.882s] [  2%] [34m[1mGenerating C code for ROS interfaces[0m
[1.886s] [  8%] [32mBuilding CXX object CMakeFiles/lift_state.dir/src/lift_state.cpp.o[0m
[1.886s] [  8%] [32mBuilding CXX object CMakeFiles/lift_command.dir/src/lift_command.cpp.o[0m
[1.887s] [ 10%] [34m[1mGenerating C++ code for ROS interfaces[0m
[1.893s] [ 13%] [32mBuilding CXX object CMakeFiles/action_server.dir/src/lift_state.cpp.o[0m
[1.899s] [ 13%] Built target ament_cmake_python_copy_lift_control
[2.058s] running egg_info
[2.059s] creating lift_control.egg-info
[2.059s] writing lift_control.egg-info/PKG-INFO
[2.059s] writing dependency_links to lift_control.egg-info/dependency_links.txt
[2.059s] writing top-level names to lift_control.egg-info/top_level.txt
[2.059s] writing manifest file 'lift_control.egg-info/SOURCES.txt'
[2.060s] reading manifest file 'lift_control.egg-info/SOURCES.txt'
[2.060s] writing manifest file 'lift_control.egg-info/SOURCES.txt'
[2.083s] [ 13%] Built target ament_cmake_python_build_lift_control_egg
[2.165s] [ 16%] [32mBuilding C object CMakeFiles/lift_control__rosidl_generator_c.dir/rosidl_generator_c/lift_control/action/detail/command__functions.c.o[0m
[2.166s] [ 16%] Built target lift_control__cpp
[2.177s] [ 18%] [34m[1mGenerating C++ type support dispatch for ROS interfaces[0m
[2.178s] [ 24%] [34m[1mGenerating C++ type support for eProsima Fast-RTPS[0m
[2.178s] [ 24%] [34m[1mGenerating C++ introspection for ROS interfaces[0m
[2.258s] [ 27%] [32m[1mLinking C shared library liblift_control__rosidl_generator_c.so[0m
[2.297s] [ 27%] Built target lift_control__rosidl_generator_c
[2.304s] [ 29%] [34m[1mGenerating C type support dispatch for ROS interfaces[0m
[2.309s] [ 35%] [34m[1mGenerating C introspection for ROS interfaces[0m
[2.309s] [ 35%] [34m[1mGenerating C type support for eProsima Fast-RTPS[0m
[2.371s] [ 37%] [32mBuilding CXX object CMakeFiles/lift_control__rosidl_typesupport_cpp.dir/rosidl_typesupport_cpp/lift_control/action/command__type_support.cpp.o[0m
[2.429s] [ 40%] [32mBuilding CXX object CMakeFiles/lift_control__rosidl_typesupport_fastrtps_cpp.dir/rosidl_typesupport_fastrtps_cpp/lift_control/action/detail/dds_fastrtps/command__type_support.cpp.o[0m
[2.486s] [ 43%] [32mBuilding CXX object CMakeFiles/lift_control__rosidl_typesupport_c.dir/rosidl_typesupport_c/lift_control/action/command__type_support.cpp.o[0m
[2.509s] [ 45%] [32mBuilding CXX object CMakeFiles/lift_control__rosidl_typesupport_introspection_cpp.dir/rosidl_typesupport_introspection_cpp/lift_control/action/detail/command__type_support.cpp.o[0m
[2.534s] [ 48%] [32m[1mLinking CXX shared library liblift_control__rosidl_typesupport_c.so[0m
[2.553s] [ 51%] [32mBuilding CXX object CMakeFiles/lift_control__rosidl_typesupport_fastrtps_c.dir/rosidl_typesupport_fastrtps_c/lift_control/action/detail/command__type_support_c.cpp.o[0m
[2.574s] [ 51%] Built target lift_control__rosidl_typesupport_c
[2.596s] [ 54%] [32mBuilding C object CMakeFiles/lift_control__rosidl_typesupport_introspection_c.dir/rosidl_typesupport_introspection_c/lift_control/action/detail/command__type_support.c.o[0m
[2.633s] [ 56%] [32m[1mLinking C shared library liblift_control__rosidl_typesupport_introspection_c.so[0m
[2.669s] [ 56%] Built target lift_control__rosidl_typesupport_introspection_c
[2.790s] [ 59%] [32m[1mLinking CXX shared library liblift_control__rosidl_typesupport_fastrtps_c.so[0m
[2.819s] [ 62%] [32m[1mLinking CXX shared library liblift_control__rosidl_typesupport_fastrtps_cpp.so[0m
[2.860s] [ 62%] Built target lift_control__rosidl_typesupport_fastrtps_c
[2.862s] [ 64%] [32m[1mLinking CXX shared library liblift_control__rosidl_typesupport_introspection_cpp.so[0m
[2.877s] [ 64%] Built target lift_control__rosidl_typesupport_fastrtps_cpp
[2.883s] [ 67%] [32m[1mLinking CXX shared library liblift_control__rosidl_typesupport_cpp.so[0m
[2.921s] [ 67%] Built target lift_control__rosidl_typesupport_introspection_cpp
[2.924s] [ 67%] Built target lift_control__rosidl_typesupport_cpp
[2.948s] [ 67%] Built target lift_control
[2.969s] [ 70%] [34m[1mGenerating Python code for ROS interfaces[0m
[3.390s] [ 70%] Built target lift_control__py
[3.411s] [ 72%] [32mBuilding C object CMakeFiles/lift_control__rosidl_generator_py.dir/rosidl_generator_py/lift_control/action/_command_s.c.o[0m
[3.446s] [01m[K/home/jason/lift_ws/src/lift_control/src/lift_state.cpp:20:21:[m[K [01;31m[Kerror: [m[Kâ€˜[01m[Klift_control[m[Kâ€™ does not name a type
[3.446s]    20 |     using Command = [01;31m[Klift_control[m[K::action::Command;
[3.446s]       |                     [01;31m[K^~~~~~~~~~~~[m[K
[3.450s] [01m[K/home/jason/lift_ws/src/lift_control/src/lift_state.cpp:21:63:[m[K [01;31m[Kerror: [m[Kâ€˜[01m[KCommand[m[Kâ€™ was not declared in this scope
[3.450s]    21 |     using GoalHandleCommand = rclcpp_action::ServerGoalHandle<[01;31m[KCommand[m[K>;
[3.450s]       |                                                               [01;31m[K^~~~~~~[m[K
[3.450s] [01m[K/home/jason/lift_ws/src/lift_control/src/lift_state.cpp:21:70:[m[K [01;31m[Kerror: [m[Ktemplate argument 1 is invalid
[3.450s]    21 |     using GoalHandleCommand = rclcpp_action::ServerGoalHandle<Command[01;31m[K>[m[K;
[3.450s]       |                                                                      [01;31m[K^[m[K
[3.456s] [01m[K/home/jason/lift_ws/src/lift_control/src/lift_state.cpp:49:27:[m[K [01;31m[Kerror: [m[Kâ€˜[01m[KCommand[m[Kâ€™ was not declared in this scope
[3.456s]    49 |     rclcpp_action::Server<[01;31m[KCommand[m[K>::SharedPtr action_server_;
[3.456s]       |                           [01;31m[K^~~~~~~[m[K
[3.456s] [01m[K/home/jason/lift_ws/src/lift_control/src/lift_state.cpp:49:34:[m[K [01;31m[Kerror: [m[Ktemplate argument 1 is invalid
[3.457s]    49 |     rclcpp_action::Server<Command[01;31m[K>[m[K::SharedPtr action_server_;
[3.457s]       |                                  [01;31m[K^[m[K
[3.457s] [01m[K/home/jason/lift_ws/src/lift_control/src/lift_state.cpp:49:37:[m[K [01;31m[Kerror: [m[Kexpected â€˜[01m[K;[m[Kâ€™ at end of member declaration
[3.457s]    49 |     rclcpp_action::Server<Command>::[01;31m[KSharedPtr[m[K action_server_;
[3.457s]       |                                     [01;31m[K^~~~~~~~~[m[K
[3.457s]       |                                              [32m[K;[m[K
[3.458s] [01m[K/home/jason/lift_ws/src/lift_control/src/lift_state.cpp:49:47:[m[K [01;31m[Kerror: [m[Kâ€˜[01m[Kaction_server_[m[Kâ€™ does not name a type; did you mean â€˜[01m[Krcl_action_server_t[m[Kâ€™?
[3.458s]    49 |     rclcpp_action::Server<Command>::SharedPtr [01;31m[Kaction_server_[m[K;
[3.458s]       |                                               [01;31m[K^~~~~~~~~~~~~~[m[K
[3.458s]       |                                               [32m[Krcl_action_server_t[m[K
[3.458s] [01m[K/home/jason/lift_ws/src/lift_control/src/lift_state.cpp:62:75:[m[K [01;31m[Kerror: [m[KISO C++ forbids declaration of â€˜[01m[Ktype name[m[Kâ€™ with no type [[01;31m[K]8;;https://gcc.gnu.org/onlinedocs/gcc/Warning-Options.html#index-fpermissive-fpermissive]8;;[m[K]
[3.458s]    62 |                                              std::shared_ptr<const Command[01;31m[K::[m[KGoal> goal)
[3.458s]       |                                                                           [01;31m[K^~[m[K
[3.458s] [01m[K/home/jason/lift_ws/src/lift_control/src/lift_state.cpp:62:81:[m[K [01;31m[Kerror: [m[Ktemplate argument 1 is invalid
[3.458s]    62 |                                              std::shared_ptr<const Command::Goal[01;31m[K>[m[K goal)
[3.459s]       |                                                                                 [01;31m[K^[m[K
[3.459s] [01m[K/home/jason/lift_ws/src/lift_control/src/lift_state.cpp:62:75:[m[K [01;31m[Kerror: [m[KISO C++ forbids declaration of â€˜[01m[Ktype name[m[Kâ€™ with no type [[01;31m[K]8;;https://gcc.gnu.org/onlinedocs/gcc/Warning-Options.html#index-fpermissive-fpermissive]8;;[m[K]
[3.459s]    62 |                                              std::shared_ptr<const Command[01;31m[K::[m[KGoal> goal)
[3.459s]       |                                                                           [01;31m[K^~[m[K
[3.459s] [01m[K/home/jason/lift_ws/src/lift_control/src/lift_state.cpp:62:81:[m[K [01;31m[Kerror: [m[Ktemplate argument 1 is invalid
[3.459s]    62 |                                              std::shared_ptr<const Command::Goal[01;31m[K>[m[K goal)
[3.459s]       |                                                                                 [01;31m[K^[m[K
[3.459s] [01m[K/home/jason/lift_ws/src/lift_control/src/lift_state.cpp:62:75:[m[K [01;31m[Kerror: [m[KISO C++ forbids declaration of â€˜[01m[Ktype name[m[Kâ€™ with no type [[01;31m[K]8;;https://gcc.gnu.org/onlinedocs/gcc/Warning-Options.html#index-fpermissive-fpermissive]8;;[m[K]
[3.459s]    62 |                                              std::shared_ptr<const Command[01;31m[K::[m[KGoal> goal)
[3.459s]       |                                                                           [01;31m[K^~[m[K
[3.459s] [01m[K/home/jason/lift_ws/src/lift_control/src/lift_state.cpp:62:81:[m[K [01;31m[Kerror: [m[Ktemplate argument 1 is invalid
[3.459s]    62 |                                              std::shared_ptr<const Command::Goal[01;31m[K>[m[K goal)
[3.459s]       |                                                                                 [01;31m[K^[m[K
[3.459s] [01m[K/home/jason/lift_ws/src/lift_control/src/lift_state.cpp:62:46:[m[K [01;31m[Kerror: [m[Kinvalid template-id
[3.459s]    62 |                                              [01;31m[Kstd[m[K::shared_ptr<const Command::Goal> goal)
[3.460s]       |                                              [01;31m[K^~~[m[K
[3.460s] [01m[K/home/jason/lift_ws/src/lift_control/src/lift_state.cpp:62:75:[m[K [01;31m[Kerror: [m[KISO C++ forbids declaration of â€˜[01m[Ktype name[m[Kâ€™ with no type [[01;31m[K]8;;https://gcc.gnu.org/onlinedocs/gcc/Warning-Options.html#index-fpermissive-fpermissive]8;;[m[K]
[3.460s]    62 |                                              std::shared_ptr<const Command[01;31m[K::[m[KGoal> goal)
[3.460s]       |                                                                           [01;31m[K^~[m[K
[3.460s] [01m[K/home/jason/lift_ws/src/lift_control/src/lift_state.cpp:62:62:[m[K [01;31m[Kerror: [m[Kexpected primary-expression before â€˜[01m[Kconst[m[Kâ€™
[3.460s]    62 |                                              std::shared_ptr<[01;31m[Kconst[m[K Command::Goal> goal)
[3.460s]       |                                                              [01;31m[K^~~~~[m[K
[3.460s] [01m[K/home/jason/lift_ws/src/lift_control/src/lift_state.cpp:62:62:[m[K [01;31m[Kerror: [m[Kexpected â€˜[01m[K>[m[Kâ€™ before â€˜[01m[Kconst[m[Kâ€™
[3.460s] [01m[K/home/jason/lift_ws/src/lift_control/src/lift_state.cpp:62:46:[m[K [01;31m[Kerror: [m[Kclass template placeholder â€˜[01m[Kstd::shared_ptr[m[Kâ€™ not permitted in this context
[3.460s]    62 |                                              [01;31m[Kstd[m[K::shared_ptr<const Command::Goal> goal)
[3.460s]       |                                              [01;31m[K^~~[m[K
[3.464s] [01m[K/home/jason/lift_ws/src/lift_control/src/lift_state.cpp:77:27:[m[K [01;31m[Kerror: [m[Kâ€˜[01m[KGoalHandleCommand[m[Kâ€™ was not declared in this scope
[3.464s]    77 |     const std::shared_ptr<[01;31m[KGoalHandleCommand[m[K> goal_handle)
[3.465s]       |                           [01;31m[K^~~~~~~~~~~~~~~~~[m[K
[3.465s] [01m[K/home/jason/lift_ws/src/lift_control/src/lift_state.cpp:77:44:[m[K [01;31m[Kerror: [m[Ktemplate argument 1 is invalid
[3.465s]    77 |     const std::shared_ptr<GoalHandleCommand[01;31m[K>[m[K goal_handle)
[3.465s]       |                                            [01;31m[K^[m[K
[3.471s] [01m[K/home/jason/lift_ws/src/lift_control/src/lift_state.cpp:84:46:[m[K [01;31m[Kerror: [m[Kâ€˜[01m[KGoalHandleCommand[m[Kâ€™ was not declared in this scope
[3.471s]    84 |   void handle_accepted(const std::shared_ptr<[01;31m[KGoalHandleCommand[m[K> goal_handle)
[3.471s]       |                                              [01;31m[K^~~~~~~~~~~~~~~~~[m[K
[3.471s] [01m[K/home/jason/lift_ws/src/lift_control/src/lift_state.cpp:84:63:[m[K [01;31m[Kerror: [m[Ktemplate argument 1 is invalid
[3.471s]    84 |   void handle_accepted(const std::shared_ptr<GoalHandleCommand[01;31m[K>[m[K goal_handle)
[3.471s]       |                                                               [01;31m[K^[m[K
[3.478s] [01m[K/home/jason/lift_ws/src/lift_control/src/lift_state.cpp:91:38:[m[K [01;31m[Kerror: [m[Kâ€˜[01m[KGoalHandleCommand[m[Kâ€™ was not declared in this scope
[3.478s]    91 |   void execute(const std::shared_ptr<[01;31m[KGoalHandleCommand[m[K> goal_handle)
[3.478s]       |                                      [01;31m[K^~~~~~~~~~~~~~~~~[m[K
[3.478s] [01m[K/home/jason/lift_ws/src/lift_control/src/lift_state.cpp:91:55:[m[K [01;31m[Kerror: [m[Ktemplate argument 1 is invalid
[3.478s]    91 |   void execute(const std::shared_ptr<GoalHandleCommand[01;31m[K>[m[K goal_handle)
[3.478s]       |                                                       [01;31m[K^[m[K
[3.486s] [01m[K/home/jason/lift_ws/src/lift_control/src/lift_state.cpp:[m[K In constructor â€˜[01m[KLift_State::Lift_State(const rclcpp::NodeOptions&)[m[Kâ€™:
[3.486s] [01m[K/home/jason/lift_ws/src/lift_control/src/lift_state.cpp:34:13:[m[K [01;31m[Kerror: [m[Kâ€˜[01m[Kclass Lift_State[m[Kâ€™ has no member named â€˜[01m[Kaction_server_[m[Kâ€™
[3.486s]    34 |       this->[01;31m[Kaction_server_[m[K = rclcpp_action::create_server<Command>(
[3.486s]       |             [01;31m[K^~~~~~~~~~~~~~[m[K
[3.490s] [01m[K/home/jason/lift_ws/src/lift_control/src/lift_state.cpp:34:59:[m[K [01;31m[Kerror: [m[Kâ€˜[01m[KCommand[m[Kâ€™ was not declared in this scope
[3.490s]    34 |       this->action_server_ = rclcpp_action::create_server<[01;31m[KCommand[m[K>(
[3.490s]       |                                                           [01;31m[K^~~~~~~[m[K
[3.497s] [01m[K/home/jason/lift_ws/src/lift_control/src/lift_state.cpp:34:67:[m[K [01;31m[Kerror: [m[Kno matching function for call to â€˜[01m[Kcreate_server<<expression error> >(Lift_State*, const char [12], std::_Bind_helper<false, rclcpp_action::GoalResponse (Lift_State::*)(...), Lift_State*, const std::_Placeholder<1>&, const std::_Placeholder<2>&>::type, std::_Bind_helper<false, rclcpp_action::CancelResponse (Lift_State::*)(int), Lift_State*, const std::_Placeholder<1>&>::type, std::_Bind_helper<false, void (Lift_State::*)(int), Lift_State*, const std::_Placeholder<1>&>::type)[m[Kâ€™
[3.497s]    34 |       this->action_server_ = [01;31m[Krclcpp_action::create_server<Command>([m[K
[3.497s]       |                              [01;31m[K~~~~~~~~~~~~~~~~~~~~~~~~~~~~~~~~~~~~~^[m[K
[3.498s]    35 | [01;31m[K        this,[m[K
[3.498s]       |         [01;31m[K~~~~~[m[K                                                      
[3.498s]    36 | [01;31m[K        "lift_action",[m[K
[3.498s]       |         [01;31m[K~~~~~~~~~~~~~~[m[K                                             
[3.498s]    37 | [01;31m[K        std::bind(&Lift_State::handle_goal, this, _1, _2),[m[K
[3.498s]       |         [01;31m[K~~~~~~~~~~~~~~~~~~~~~~~~~~~~~~~~~~~~~~~~~~~~~~~~~~[m[K         
[3.498s]    38 | [01;31m[K        std::bind(&Lift_State::handle_cancel, this, _1),[m[K
[3.498s]       |         [01;31m[K~~~~~~~~~~~~~~~~~~~~~~~~~~~~~~~~~~~~~~~~~~~~~~~~[m[K           
[3.498s]    39 | [01;31m[K        std::bind(&Lift_State::handle_accepted, this, _1))[m[K;
[3.498s]       |         [01;31m[K~~~~~~~~~~~~~~~~~~~~~~~~~~~~~~~~~~~~~~~~~~~~~~~~~~[m[K         
[3.498s] In file included from [01m[K/opt/ros/humble/include/rclcpp_action/rclcpp_action/rclcpp_action.hpp:39[m[K,
[3.498s]                  from [01m[K/home/jason/lift_ws/src/lift_control/src/lift_state.cpp:9[m[K:
[3.498s] [01m[K/opt/ros/humble/include/rclcpp_action/rclcpp_action/create_server.hpp:58:1:[m[K [01;36m[Knote: [m[Kcandidate: â€˜[01m[Ktemplate<class ActionT> typename rclcpp_action::Server<ActionT>::SharedPtr rclcpp_action::create_server(rclcpp::node_interfaces::NodeBaseInterface::SharedPtr, rclcpp::node_interfaces::NodeClockInterface::SharedPtr, rclcpp::node_interfaces::NodeLoggingInterface::SharedPtr, rclcpp::node_interfaces::NodeWaitablesInterface::SharedPtr, const string&, typename rclcpp_action::Server<ActionT>::GoalCallback, typename rclcpp_action::Server<ActionT>::CancelCallback, typename rclcpp_action::Server<ActionT>::AcceptedCallback, const rcl_action_server_options_t&, rclcpp::CallbackGroup::SharedPtr)[m[Kâ€™
[3.498s]    58 | [01;36m[Kcreate_server[m[K(
[3.499s]       | [01;36m[K^~~~~~~~~~~~~[m[K
[3.499s] [01m[K/opt/ros/humble/include/rclcpp_action/rclcpp_action/create_server.hpp:58:1:[m[K [01;36m[Knote: [m[K  template argument deduction/substitution failed:
[3.499s] [01m[K/home/jason/lift_ws/src/lift_control/src/lift_state.cpp:34:67:[m[K [01;31m[Kerror: [m[Ktemplate argument 1 is invalid
[3.499s]    34 |       this->action_server_ = [01;31m[Krclcpp_action::create_server<Command>([m[K
[3.499s]       |                              [01;31m[K~~~~~~~~~~~~~~~~~~~~~~~~~~~~~~~~~~~~~^[m[K
[3.499s]    35 | [01;31m[K        this,[m[K
[3.499s]       |         [01;31m[K~~~~~[m[K                                                      
[3.499s]    36 | [01;31m[K        "lift_action",[m[K
[3.499s]       |         [01;31m[K~~~~~~~~~~~~~~[m[K                                             
[3.499s]    37 | [01;31m[K        std::bind(&Lift_State::handle_goal, this, _1, _2),[m[K
[3.499s]       |         [01;31m[K~~~~~~~~~~~~~~~~~~~~~~~~~~~~~~~~~~~~~~~~~~~~~~~~~~[m[K         
[3.499s]    38 | [01;31m[K        std::bind(&Lift_State::handle_cancel, this, _1),[m[K
[3.499s]       |         [01;31m[K~~~~~~~~~~~~~~~~~~~~~~~~~~~~~~~~~~~~~~~~~~~~~~~~[m[K           
[3.499s]    39 | [01;31m[K        std::bind(&Lift_State::handle_accepted, this, _1))[m[K;
[3.500s]       |         [01;31m[K~~~~~~~~~~~~~~~~~~~~~~~~~~~~~~~~~~~~~~~~~~~~~~~~~~[m[K         
[3.500s] In file included from [01m[K/opt/ros/humble/include/rclcpp_action/rclcpp_action/rclcpp_action.hpp:39[m[K,
[3.500s]                  from [01m[K/home/jason/lift_ws/src/lift_control/src/lift_state.cpp:9[m[K:
[3.500s] [01m[K/opt/ros/humble/include/rclcpp_action/rclcpp_action/create_server.hpp:132:1:[m[K [01;36m[Knote: [m[Kcandidate: â€˜[01m[Ktemplate<class ActionT, class NodeT> typename rclcpp_action::Server<ActionT>::SharedPtr rclcpp_action::create_server(NodeT, const string&, typename rclcpp_action::Server<ActionT>::GoalCallback, typename rclcpp_action::Server<ActionT>::CancelCallback, typename rclcpp_action::Server<ActionT>::AcceptedCallback, const rcl_action_server_options_t&, rclcpp::CallbackGroup::SharedPtr)[m[Kâ€™
[3.500s]   132 | [01;36m[Kcreate_server[m[K(
[3.500s]       | [01;36m[K^~~~~~~~~~~~~[m[K
[3.500s] [01m[K/opt/ros/humble/include/rclcpp_action/rclcpp_action/create_server.hpp:132:1:[m[K [01;36m[Knote: [m[K  template argument deduction/substitution failed:
[3.500s] [01m[K/home/jason/lift_ws/src/lift_control/src/lift_state.cpp:34:67:[m[K [01;31m[Kerror: [m[Ktemplate argument 1 is invalid
[3.500s]    34 |       this->action_server_ = [01;31m[Krclcpp_action::create_server<Command>([m[K
[3.500s]       |                              [01;31m[K~~~~~~~~~~~~~~~~~~~~~~~~~~~~~~~~~~~~~^[m[K
[3.500s]    35 | [01;31m[K        this,[m[K
[3.500s]       |         [01;31m[K~~~~~[m[K                                                      
[3.500s]    36 | [01;31m[K        "lift_action",[m[K
[3.501s]       |         [01;31m[K~~~~~~~~~~~~~~[m[K                                             
[3.501s]    37 | [01;31m[K        std::bind(&Lift_State::handle_goal, this, _1, _2),[m[K
[3.501s]       |         [01;31m[K~~~~~~~~~~~~~~~~~~~~~~~~~~~~~~~~~~~~~~~~~~~~~~~~~~[m[K         
[3.501s]    38 | [01;31m[K        std::bind(&Lift_State::handle_cancel, this, _1),[m[K
[3.501s]       |         [01;31m[K~~~~~~~~~~~~~~~~~~~~~~~~~~~~~~~~~~~~~~~~~~~~~~~~[m[K           
[3.501s]    39 | [01;31m[K        std::bind(&Lift_State::handle_accepted, this, _1))[m[K;
[3.501s]       |         [01;31m[K~~~~~~~~~~~~~~~~~~~~~~~~~~~~~~~~~~~~~~~~~~~~~~~~~~[m[K         
[3.502s] In file included from [01m[K/opt/ros/humble/include/rclcpp/rclcpp/logging.hpp:24[m[K,
[3.502s]                  from [01m[K/opt/ros/humble/include/rclcpp/rclcpp/client.hpp:40[m[K,
[3.502s]                  from [01m[K/opt/ros/humble/include/rclcpp/rclcpp/callback_group.hpp:24[m[K,
[3.502s]                  from [01m[K/opt/ros/humble/include/rclcpp/rclcpp/any_executable.hpp:20[m[K,
[3.502s]                  from [01m[K/opt/ros/humble/include/rclcpp/rclcpp/memory_strategy.hpp:25[m[K,
[3.502s]                  from [01m[K/opt/ros/humble/include/rclcpp/rclcpp/memory_strategies.hpp:18[m[K,
[3.502s]                  from [01m[K/opt/ros/humble/include/rclcpp/rclcpp/executor_options.hpp:20[m[K,
[3.502s]                  from [01m[K/opt/ros/humble/include/rclcpp/rclcpp/executor.hpp:37[m[K,
[3.503s]                  from [01m[K/opt/ros/humble/include/rclcpp/rclcpp/executors/multi_threaded_executor.hpp:25[m[K,
[3.503s]                  from [01m[K/opt/ros/humble/include/rclcpp/rclcpp/executors.hpp:21[m[K,
[3.503s]                  from [01m[K/opt/ros/humble/include/rclcpp/rclcpp/rclcpp.hpp:155[m[K,
[3.503s]                  from [01m[K/home/jason/lift_ws/src/lift_control/src/lift_state.cpp:7[m[K:
[3.503s] [01m[K/home/jason/lift_ws/src/lift_control/src/lift_state.cpp:[m[K In member function â€˜[01m[Krclcpp_action::GoalResponse Lift_State::handle_goal(...)[m[Kâ€™:
[3.503s] [01m[K/home/jason/lift_ws/src/lift_control/src/lift_state.cpp:64:69:[m[K [01;31m[Kerror: [m[Kâ€˜[01m[Kgoal[m[Kâ€™ was not declared in this scope
[3.503s]    64 |     RCLCPP_INFO(this->get_logger(), "Received command request: %d", [01;31m[Kgoal[m[K->command);
[3.503s]       |                                                                     [01;31m[K^~~~[m[K
[3.505s] [01m[K/home/jason/lift_ws/src/lift_control/src/lift_state.cpp:69:9:[m[K [01;31m[Kerror: [m[Kâ€˜[01m[Kgoal[m[Kâ€™ was not declared in this scope
[3.505s]    69 |     if ([01;31m[Kgoal[m[K->command < 0) {
[3.505s]       |         [01;31m[K^~~~[m[K
[3.506s] [01m[K/home/jason/lift_ws/src/lift_control/src/lift_state.cpp:[m[K In member function â€˜[01m[Kvoid Lift_State::execute(int)[m[Kâ€™:
[3.506s] [01m[K/home/jason/lift_ws/src/lift_control/src/lift_state.cpp:96:34:[m[K [01;31m[Kerror: [m[Kbase operand of â€˜[01m[K->[m[Kâ€™ is not a pointer
[3.506s]    96 |     const auto goal = goal_handle[01;31m[K->[m[Kget_goal();
[3.506s]       |                                  [01;31m[K^~[m[K
[3.510s] [ 75%] [32m[1mLinking C shared library rosidl_generator_py/lift_control/liblift_control__rosidl_generator_py.so[0m
[3.510s] [01m[K/home/jason/lift_ws/src/lift_control/src/lift_state.cpp:97:38:[m[K [01;31m[Kerror: [m[Kâ€˜[01m[KCommand[m[Kâ€™ was not declared in this scope
[3.510s]    97 |     auto feedback = std::make_shared<[01;31m[KCommand[m[K::Feedback>();
[3.510s]       |                                      [01;31m[K^~~~~~~[m[K
[3.510s] [01m[K/home/jason/lift_ws/src/lift_control/src/lift_state.cpp:97:26:[m[K [01;31m[Kerror: [m[Kparse error in template argument list
[3.510s]    97 |     auto feedback = std::[01;31m[Kmake_shared<Command::Feedback>[m[K();
[3.511s]       |                          [01;31m[K^~~~~~~~~~~~~~~~~~~~~~~~~~~~~~[m[K
[3.511s] [01m[K/home/jason/lift_ws/src/lift_control/src/lift_state.cpp:97:56:[m[K [01;31m[Kerror: [m[Kno matching function for call to â€˜[01m[Kmake_shared<<expression error> >()[m[Kâ€™
[3.511s]    97 |     auto feedback = [01;31m[Kstd::make_shared<Command::Feedback>()[m[K;
[3.511s]       |                     [01;31m[K~~~~~~~~~~~~~~~~~~~~~~~~~~~~~~~~~~~^~[m[K
[3.511s] In file included from [01m[K/usr/include/c++/11/memory:77[m[K,
[3.511s]                  from [01m[K/home/jason/lift_ws/src/lift_control/src/lift_state.cpp:3[m[K:
[3.511s] [01m[K/usr/include/c++/11/bits/shared_ptr.h:875:5:[m[K [01;36m[Knote: [m[Kcandidate: â€˜[01m[Ktemplate<class _Tp, class ... _Args> std::shared_ptr<_Tp> std::make_shared(_Args&& ...)[m[Kâ€™
[3.511s]   875 |     [01;36m[Kmake_shared[m[K(_Args&&... __args)
[3.511s]       |     [01;36m[K^~~~~~~~~~~[m[K
[3.511s] [01m[K/usr/include/c++/11/bits/shared_ptr.h:875:5:[m[K [01;36m[Knote: [m[K  template argument deduction/substitution failed:
[3.511s] [01m[K/home/jason/lift_ws/src/lift_control/src/lift_state.cpp:97:56:[m[K [01;31m[Kerror: [m[Ktemplate argument 1 is invalid
[3.512s]    97 |     auto feedback = [01;31m[Kstd::make_shared<Command::Feedback>()[m[K;
[3.512s]       |                     [01;31m[K~~~~~~~~~~~~~~~~~~~~~~~~~~~~~~~~~~~^~[m[K
[3.512s] [01m[K/home/jason/lift_ws/src/lift_control/src/lift_state.cpp:98:24:[m[K [01;31m[Kerror: [m[Kparse error in template argument list
[3.512s]    98 |     auto result = std::[01;31m[Kmake_shared<Command::Result>[m[K();
[3.512s]       |                        [01;31m[K^~~~~~~~~~~~~~~~~~~~~~~~~~~~[m[K
[3.512s] [01m[K/home/jason/lift_ws/src/lift_control/src/lift_state.cpp:98:52:[m[K [01;31m[Kerror: [m[Kno matching function for call to â€˜[01m[Kmake_shared<Command>()[m[Kâ€™
[3.512s]    98 |     auto result = [01;31m[Kstd::make_shared<Command::Result>()[m[K;
[3.512s]       |                   [01;31m[K~~~~~~~~~~~~~~~~~~~~~~~~~~~~~~~~~^~[m[K
[3.512s] In file included from [01m[K/usr/include/c++/11/memory:77[m[K,
[3.512s]                  from [01m[K/home/jason/lift_ws/src/lift_control/src/lift_state.cpp:3[m[K:
[3.512s] [01m[K/usr/include/c++/11/bits/shared_ptr.h:875:5:[m[K [01;36m[Knote: [m[Kcandidate: â€˜[01m[Ktemplate<class _Tp, class ... _Args> std::shared_ptr<_Tp> std::make_shared(_Args&& ...)[m[Kâ€™
[3.512s]   875 |     [01;36m[Kmake_shared[m[K(_Args&&... __args)
[3.512s]       |     [01;36m[K^~~~~~~~~~~[m[K
[3.513s] [01m[K/usr/include/c++/11/bits/shared_ptr.h:875:5:[m[K [01;36m[Knote: [m[K  template argument deduction/substitution failed:
[3.513s] [01m[K/home/jason/lift_ws/src/lift_control/src/lift_state.cpp:105:22:[m[K [01;31m[Kerror: [m[Kbase operand of â€˜[01m[K->[m[Kâ€™ is not a pointer
[3.513s]   105 |       if (goal_handle[01;31m[K->[m[Kis_canceling()) {
[3.513s]       |                      [01;31m[K^~[m[K
[3.513s] [01m[K/home/jason/lift_ws/src/lift_control/src/lift_state.cpp:107:20:[m[K [01;31m[Kerror: [m[Kbase operand of â€˜[01m[K->[m[Kâ€™ is not a pointer
[3.513s]   107 |         goal_handle[01;31m[K->[m[Kcanceled(result);
[3.513s]       |                    [01;31m[K^~[m[K
[3.513s] [01m[K/home/jason/lift_ws/src/lift_control/src/lift_state.cpp:115:18:[m[K [01;31m[Kerror: [m[Kbase operand of â€˜[01m[K->[m[Kâ€™ is not a pointer
[3.513s]   115 |       goal_handle[01;31m[K->[m[Kpublish_feedback(feedback);
[3.513s]       |                  [01;31m[K^~[m[K
[3.513s] [01m[K/home/jason/lift_ws/src/lift_control/src/lift_state.cpp:124:18:[m[K [01;31m[Kerror: [m[Kbase operand of â€˜[01m[K->[m[Kâ€™ is not a pointer
[3.513s]   124 |       goal_handle[01;31m[K->[m[Ksucceed(result);
[3.513s]       |                  [01;31m[K^~[m[K
[3.552s] [ 75%] Built target lift_control__rosidl_generator_py
[3.572s] [ 78%] [32mBuilding C object CMakeFiles/lift_control__rosidl_typesupport_introspection_c__pyext.dir/rosidl_generator_py/lift_control/_lift_control_s.ep.rosidl_typesupport_introspection_c.c.o[0m
[3.573s] [ 81%] [32mBuilding C object CMakeFiles/lift_control__rosidl_typesupport_fastrtps_c__pyext.dir/rosidl_generator_py/lift_control/_lift_control_s.ep.rosidl_typesupport_fastrtps_c.c.o[0m
[3.574s] [ 83%] [32mBuilding C object CMakeFiles/lift_control__rosidl_typesupport_c__pyext.dir/rosidl_generator_py/lift_control/_lift_control_s.ep.rosidl_typesupport_c.c.o[0m
[3.577s] [01m[K/home/jason/lift_ws/src/lift_control/src/lift_state.cpp:20:21:[m[K [01;31m[Kerror: [m[Kâ€˜[01m[Klift_control[m[Kâ€™ does not name a type
[3.577s]    20 |     using Command = [01;31m[Klift_control[m[K::action::Command;
[3.577s]       |                     [01;31m[K^~~~~~~~~~~~[m[K
[3.581s] [01m[K/home/jason/lift_ws/src/lift_control/src/lift_state.cpp:21:63:[m[K [01;31m[Kerror: [m[Kâ€˜[01m[KCommand[m[Kâ€™ was not declared in this scope
[3.581s]    21 |     using GoalHandleCommand = rclcpp_action::ServerGoalHandle<[01;31m[KCommand[m[K>;
[3.581s]       |                                                               [01;31m[K^~~~~~~[m[K
[3.582s] [01m[K/home/jason/lift_ws/src/lift_control/src/lift_state.cpp:21:70:[m[K [01;31m[Kerror: [m[Ktemplate argument 1 is invalid
[3.582s]    21 |     using GoalHandleCommand = rclcpp_action::ServerGoalHandle<Command[01;31m[K>[m[K;
[3.582s]       |                                                                      [01;31m[K^[m[K
[3.588s] [01m[K/home/jason/lift_ws/src/lift_control/src/lift_state.cpp:49:27:[m[K [01;31m[Kerror: [m[Kâ€˜[01m[KCommand[m[Kâ€™ was not declared in this scope
[3.588s]    49 |     rclcpp_action::Server<[01;31m[KCommand[m[K>::SharedPtr action_server_;
[3.588s]       |                           [01;31m[K^~~~~~~[m[K
[3.588s] [01m[K/home/jason/lift_ws/src/lift_control/src/lift_state.cpp:49:34:[m[K [01;31m[Kerror: [m[Ktemplate argument 1 is invalid
[3.588s]    49 |     rclcpp_action::Server<Command[01;31m[K>[m[K::SharedPtr action_server_;
[3.588s]       |                                  [01;31m[K^[m[K
[3.588s] [01m[K/home/jason/lift_ws/src/lift_control/src/lift_state.cpp:49:37:[m[K [01;31m[Kerror: [m[Kexpected â€˜[01m[K;[m[Kâ€™ at end of member declaration
[3.588s]    49 |     rclcpp_action::Server<Command>::[01;31m[KSharedPtr[m[K action_server_;
[3.589s]       |                                     [01;31m[K^~~~~~~~~[m[K
[3.589s]       |                                              [32m[K;[m[K
[3.589s] [01m[K/home/jason/lift_ws/src/lift_control/src/lift_state.cpp:49:47:[m[K [01;31m[Kerror: [m[Kâ€˜[01m[Kaction_server_[m[Kâ€™ does not name a type; did you mean â€˜[01m[Krcl_action_server_t[m[Kâ€™?
[3.590s]    49 |     rclcpp_action::Server<Command>::SharedPtr [01;31m[Kaction_server_[m[K;
[3.590s]       |                                               [01;31m[K^~~~~~~~~~~~~~[m[K
[3.590s]       |                                               [32m[Krcl_action_server_t[m[K
[3.590s] [01m[K/home/jason/lift_ws/src/lift_control/src/lift_state.cpp:62:75:[m[K [01;31m[Kerror: [m[KISO C++ forbids declaration of â€˜[01m[Ktype name[m[Kâ€™ with no type [[01;31m[K]8;;https://gcc.gnu.org/onlinedocs/gcc/Warning-Options.html#index-fpermissive-fpermissive]8;;[m[K]
[3.590s]    62 |                                              std::shared_ptr<const Command[01;31m[K::[m[KGoal> goal)
[3.590s]       |                                                                           [01;31m[K^~[m[K
[3.590s] [01m[K/home/jason/lift_ws/src/lift_control/src/lift_state.cpp:62:81:[m[K [01;31m[Kerror: [m[Ktemplate argument 1 is invalid
[3.590s]    62 |                                              std::shared_ptr<const Command::Goal[01;31m[K>[m[K goal)
[3.590s]       |                                                                                 [01;31m[K^[m[K
[3.590s] [01m[K/home/jason/lift_ws/src/lift_control/src/lift_state.cpp:62:75:[m[K [01;31m[Kerror: [m[KISO C++ forbids declaration of â€˜[01m[Ktype name[m[Kâ€™ with no type [[01;31m[K]8;;https://gcc.gnu.org/onlinedocs/gcc/Warning-Options.html#index-fpermissive-fpermissive]8;;[m[K]
[3.590s]    62 |                                              std::shared_ptr<const Command[01;31m[K::[m[KGoal> goal)
[3.590s]       |                                                                           [01;31m[K^~[m[K
[3.591s] [01m[K/home/jason/lift_ws/src/lift_control/src/lift_state.cpp:62:81:[m[K [01;31m[Kerror: [m[Ktemplate argument 1 is invalid
[3.591s]    62 |                                              std::shared_ptr<const Command::Goal[01;31m[K>[m[K goal)
[3.591s]       |                                                                                 [01;31m[K^[m[K
[3.591s] [01m[K/home/jason/lift_ws/src/lift_control/src/lift_state.cpp:62:75:[m[K [01;31m[Kerror: [m[KISO C++ forbids declaration of â€˜[01m[Ktype name[m[Kâ€™ with no type [[01;31m[K]8;;https://gcc.gnu.org/onlinedocs/gcc/Warning-Options.html#index-fpermissive-fpermissive]8;;[m[K]
[3.591s]    62 |                                              std::shared_ptr<const Command[01;31m[K::[m[KGoal> goal)
[3.591s]       |                                                                           [01;31m[K^~[m[K
[3.591s] [01m[K/home/jason/lift_ws/src/lift_control/src/lift_state.cpp:62:81:[m[K [01;31m[Kerror: [m[Ktemplate argument 1 is invalid
[3.591s]    62 |                                              std::shared_ptr<const Command::Goal[01;31m[K>[m[K goal)
[3.591s]       |                                                                                 [01;31m[K^[m[K
[3.591s] [01m[K/home/jason/lift_ws/src/lift_control/src/lift_state.cpp:62:46:[m[K [01;31m[Kerror: [m[Kinvalid template-id
[3.591s]    62 |                                              [01;31m[Kstd[m[K::shared_ptr<const Command::Goal> goal)
[3.591s]       |                                              [01;31m[K^~~[m[K
[3.591s] [01m[K/home/jason/lift_ws/src/lift_control/src/lift_state.cpp:62:75:[m[K [01;31m[Kerror: [m[KISO C++ forbids declaration of â€˜[01m[Ktype name[m[Kâ€™ with no type [[01;31m[K]8;;https://gcc.gnu.org/onlinedocs/gcc/Warning-Options.html#index-fpermissive-fpermissive]8;;[m[K]
[3.591s]    62 |                                              std::shared_ptr<const Command[01;31m[K::[m[KGoal> goal)
[3.591s]       |                                                                           [01;31m[K^~[m[K
[3.591s] [01m[K/home/jason/lift_ws/src/lift_control/src/lift_state.cpp:62:62:[m[K [01;31m[Kerror: [m[Kexpected primary-expression before â€˜[01m[Kconst[m[Kâ€™
[3.591s]    62 |                                              std::shared_ptr<[01;31m[Kconst[m[K Command::Goal> goal)
[3.591s]       |                                                              [01;31m[K^~~~~[m[K
[3.591s] [01m[K/home/jason/lift_ws/src/lift_control/src/lift_state.cpp:62:62:[m[K [01;31m[Kerror: [m[Kexpected â€˜[01m[K>[m[Kâ€™ before â€˜[01m[Kconst[m[Kâ€™
[3.591s] [01m[K/home/jason/lift_ws/src/lift_control/src/lift_state.cpp:62:46:[m[K [01;31m[Kerror: [m[Kclass template placeholder â€˜[01m[Kstd::shared_ptr[m[Kâ€™ not permitted in this context
[3.591s]    62 |                                              [01;31m[Kstd[m[K::shared_ptr<const Command::Goal> goal)
[3.591s]       |                                              [01;31m[K^~~[m[K
[3.596s] [01m[K/home/jason/lift_ws/src/lift_control/src/lift_state.cpp:77:27:[m[K [01;31m[Kerror: [m[Kâ€˜[01m[KGoalHandleCommand[m[Kâ€™ was not declared in this scope
[3.596s]    77 |     const std::shared_ptr<[01;31m[KGoalHandleCommand[m[K> goal_handle)
[3.596s]       |                           [01;31m[K^~~~~~~~~~~~~~~~~[m[K
[3.596s] [01m[K/home/jason/lift_ws/src/lift_control/src/lift_state.cpp:77:44:[m[K [01;31m[Kerror: [m[Ktemplate argument 1 is invalid
[3.596s]    77 |     const std::shared_ptr<GoalHandleCommand[01;31m[K>[m[K goal_handle)
[3.596s]       |                                            [01;31m[K^[m[K
[3.603s] [01m[K/home/jason/lift_ws/src/lift_control/src/lift_state.cpp:84:46:[m[K [01;31m[Kerror: [m[Kâ€˜[01m[KGoalHandleCommand[m[Kâ€™ was not declared in this scope
[3.603s]    84 |   void handle_accepted(const std::shared_ptr<[01;31m[KGoalHandleCommand[m[K> goal_handle)
[3.603s]       |                                              [01;31m[K^~~~~~~~~~~~~~~~~[m[K
[3.603s] [01m[K/home/jason/lift_ws/src/lift_control/src/lift_state.cpp:84:63:[m[K [01;31m[Kerror: [m[Ktemplate argument 1 is invalid
[3.603s]    84 |   void handle_accepted(const std::shared_ptr<GoalHandleCommand[01;31m[K>[m[K goal_handle)
[3.603s]       |                                                               [01;31m[K^[m[K
[3.609s] [01m[K/home/jason/lift_ws/src/lift_control/src/lift_state.cpp:91:38:[m[K [01;31m[Kerror: [m[Kâ€˜[01m[KGoalHandleCommand[m[Kâ€™ was not declared in this scope
[3.609s]    91 |   void execute(const std::shared_ptr<[01;31m[KGoalHandleCommand[m[K> goal_handle)
[3.609s]       |                                      [01;31m[K^~~~~~~~~~~~~~~~~[m[K
[3.609s] [01m[K/home/jason/lift_ws/src/lift_control/src/lift_state.cpp:91:55:[m[K [01;31m[Kerror: [m[Ktemplate argument 1 is invalid
[3.609s]    91 |   void execute(const std::shared_ptr<GoalHandleCommand[01;31m[K>[m[K goal_handle)
[3.609s]       |                                                       [01;31m[K^[m[K
[3.618s] [01m[K/home/jason/lift_ws/src/lift_control/src/lift_state.cpp:[m[K In constructor â€˜[01m[KLift_State::Lift_State(const rclcpp::NodeOptions&)[m[Kâ€™:
[3.618s] [01m[K/home/jason/lift_ws/src/lift_control/src/lift_state.cpp:34:13:[m[K [01;31m[Kerror: [m[Kâ€˜[01m[Kclass Lift_State[m[Kâ€™ has no member named â€˜[01m[Kaction_server_[m[Kâ€™
[3.618s]    34 |       this->[01;31m[Kaction_server_[m[K = rclcpp_action::create_server<Command>(
[3.618s]       |             [01;31m[K^~~~~~~~~~~~~~[m[K
[3.623s] [01m[K/home/jason/lift_ws/src/lift_control/src/lift_state.cpp:34:59:[m[K [01;31m[Kerror: [m[Kâ€˜[01m[KCommand[m[Kâ€™ was not declared in this scope
[3.623s]    34 |       this->action_server_ = rclcpp_action::create_server<[01;31m[KCommand[m[K>(
[3.623s]       |                                                           [01;31m[K^~~~~~~[m[K
[3.630s] [01m[K/home/jason/lift_ws/src/lift_control/src/lift_state.cpp:34:67:[m[K [01;31m[Kerror: [m[Kno matching function for call to â€˜[01m[Kcreate_server<<expression error> >(Lift_State*, const char [12], std::_Bind_helper<false, rclcpp_action::GoalResponse (Lift_State::*)(...), Lift_State*, const std::_Placeholder<1>&, const std::_Placeholder<2>&>::type, std::_Bind_helper<false, rclcpp_action::CancelResponse (Lift_State::*)(int), Lift_State*, const std::_Placeholder<1>&>::type, std::_Bind_helper<false, void (Lift_State::*)(int), Lift_State*, const std::_Placeholder<1>&>::type)[m[Kâ€™
[3.630s]    34 |       this->action_server_ = [01;31m[Krclcpp_action::create_server<Command>([m[K
[3.630s]       |                              [01;31m[K~~~~~~~~~~~~~~~~~~~~~~~~~~~~~~~~~~~~~^[m[K
[3.631s]    35 | [01;31m[K        this,[m[K
[3.631s]       |         [01;31m[K~~~~~[m[K                                                      
[3.631s]    36 | [01;31m[K        "lift_action",[m[K
[3.631s]       |         [01;31m[K~~~~~~~~~~~~~~[m[K                                             
[3.631s]    37 | [01;31m[K        std::bind(&Lift_State::handle_goal, this, _1, _2),[m[K
[3.631s]       |         [01;31m[K~~~~~~~~~~~~~~~~~~~~~~~~~~~~~~~~~~~~~~~~~~~~~~~~~~[m[K         
[3.631s]    38 | [01;31m[K        std::bind(&Lift_State::handle_cancel, this, _1),[m[K
[3.631s]       |         [01;31m[K~~~~~~~~~~~~~~~~~~~~~~~~~~~~~~~~~~~~~~~~~~~~~~~~[m[K           
[3.631s]    39 | [01;31m[K        std::bind(&Lift_State::handle_accepted, this, _1))[m[K;
[3.631s]       |         [01;31m[K~~~~~~~~~~~~~~~~~~~~~~~~~~~~~~~~~~~~~~~~~~~~~~~~~~[m[K         
[3.631s] In file included from [01m[K/opt/ros/humble/include/rclcpp_action/rclcpp_action/rclcpp_action.hpp:39[m[K,
[3.631s]                  from [01m[K/home/jason/lift_ws/src/lift_control/src/lift_state.cpp:9[m[K:
[3.631s] [01m[K/opt/ros/humble/include/rclcpp_action/rclcpp_action/create_server.hpp:58:1:[m[K [01;36m[Knote: [m[Kcandidate: â€˜[01m[Ktemplate<class ActionT> typename rclcpp_action::Server<ActionT>::SharedPtr rclcpp_action::create_server(rclcpp::node_interfaces::NodeBaseInterface::SharedPtr, rclcpp::node_interfaces::NodeClockInterface::SharedPtr, rclcpp::node_interfaces::NodeLoggingInterface::SharedPtr, rclcpp::node_interfaces::NodeWaitablesInterface::SharedPtr, const string&, typename rclcpp_action::Server<ActionT>::GoalCallback, typename rclcpp_action::Server<ActionT>::CancelCallback, typename rclcpp_action::Server<ActionT>::AcceptedCallback, const rcl_action_server_options_t&, rclcpp::CallbackGroup::SharedPtr)[m[Kâ€™
[3.631s]    58 | [01;36m[Kcreate_server[m[K(
[3.631s]       | [01;36m[K^~~~~~~~~~~~~[m[K
[3.631s] [01m[K/opt/ros/humble/include/rclcpp_action/rclcpp_action/create_server.hpp:58:1:[m[K [01;36m[Knote: [m[K  template argument deduction/substitution failed:
[3.631s] [01m[K/home/jason/lift_ws/src/lift_control/src/lift_state.cpp:34:67:[m[K [01;31m[Kerror: [m[Ktemplate argument 1 is invalid
[3.631s]    34 |       this->action_server_ = [01;31m[Krclcpp_action::create_server<Command>([m[K
[3.631s]       |                              [01;31m[K~~~~~~~~~~~~~~~~~~~~~~~~~~~~~~~~~~~~~^[m[K
[3.631s]    35 | [01;31m[K        this,[m[K
[3.631s]       |         [01;31m[K~~~~~[m[K                                                      
[3.631s]    36 | [01;31m[K        "lift_action",[m[K
[3.631s]       |         [01;31m[K~~~~~~~~~~~~~~[m[K                                             
[3.631s]    37 | [01;31m[K        std::bind(&Lift_State::handle_goal, this, _1, _2),[m[K
[3.631s]       |         [01;31m[K~~~~~~~~~~~~~~~~~~~~~~~~~~~~~~~~~~~~~~~~~~~~~~~~~~[m[K         
[3.631s]    38 | [01;31m[K        std::bind(&Lift_State::handle_cancel, this, _1),[m[K
[3.631s]       |         [01;31m[K~~~~~~~~~~~~~~~~~~~~~~~~~~~~~~~~~~~~~~~~~~~~~~~~[m[K           
[3.631s]    39 | [01;31m[K        std::bind(&Lift_State::handle_accepted, this, _1))[m[K;
[3.631s]       |         [01;31m[K~~~~~~~~~~~~~~~~~~~~~~~~~~~~~~~~~~~~~~~~~~~~~~~~~~[m[K         
[3.631s] In file included from [01m[K/opt/ros/humble/include/rclcpp_action/rclcpp_action/rclcpp_action.hpp:39[m[K,
[3.631s]                  from [01m[K/home/jason/lift_ws/src/lift_control/src/lift_state.cpp:9[m[K:
[3.631s] [01m[K/opt/ros/humble/include/rclcpp_action/rclcpp_action/create_server.hpp:132:1:[m[K [01;36m[Knote: [m[Kcandidate: â€˜[01m[Ktemplate<class ActionT, class NodeT> typename rclcpp_action::Server<ActionT>::SharedPtr rclcpp_action::create_server(NodeT, const string&, typename rclcpp_action::Server<ActionT>::GoalCallback, typename rclcpp_action::Server<ActionT>::CancelCallback, typename rclcpp_action::Server<ActionT>::AcceptedCallback, const rcl_action_server_options_t&, rclcpp::CallbackGroup::SharedPtr)[m[Kâ€™
[3.631s]   132 | [01;36m[Kcreate_server[m[K(
[3.631s]       | [01;36m[K^~~~~~~~~~~~~[m[K
[3.631s] [01m[K/opt/ros/humble/include/rclcpp_action/rclcpp_action/create_server.hpp:132:1:[m[K [01;36m[Knote: [m[K  template argument deduction/substitution failed:
[3.631s] [01m[K/home/jason/lift_ws/src/lift_control/src/lift_state.cpp:34:67:[m[K [01;31m[Kerror: [m[Ktemplate argument 1 is invalid
[3.631s]    34 |       this->action_server_ = [01;31m[Krclcpp_action::create_server<Command>([m[K
[3.631s]       |                              [01;31m[K~~~~~~~~~~~~~~~~~~~~~~~~~~~~~~~~~~~~~^[m[K
[3.631s]    35 | [01;31m[K        this,[m[K
[3.631s]       |         [01;31m[K~~~~~[m[K                                                      
[3.632s]    36 | [01;31m[K        "lift_action",[m[K
[3.632s]       |         [01;31m[K~~~~~~~~~~~~~~[m[K                                             
[3.632s]    37 | [01;31m[K        std::bind(&Lift_State::handle_goal, this, _1, _2),[m[K
[3.632s]       |         [01;31m[K~~~~~~~~~~~~~~~~~~~~~~~~~~~~~~~~~~~~~~~~~~~~~~~~~~[m[K         
[3.632s]    38 | [01;31m[K        std::bind(&Lift_State::handle_cancel, this, _1),[m[K
[3.632s]       |         [01;31m[K~~~~~~~~~~~~~~~~~~~~~~~~~~~~~~~~~~~~~~~~~~~~~~~~[m[K           
[3.632s]    39 | [01;31m[K        std::bind(&Lift_State::handle_accepted, this, _1))[m[K;
[3.632s]       |         [01;31m[K~~~~~~~~~~~~~~~~~~~~~~~~~~~~~~~~~~~~~~~~~~~~~~~~~~[m[K         
[3.635s] In file included from [01m[K/opt/ros/humble/include/rclcpp/rclcpp/logging.hpp:24[m[K,
[3.635s]                  from [01m[K/opt/ros/humble/include/rclcpp/rclcpp/client.hpp:40[m[K,
[3.635s]                  from [01m[K/opt/ros/humble/include/rclcpp/rclcpp/callback_group.hpp:24[m[K,
[3.636s]                  from [01m[K/opt/ros/humble/include/rclcpp/rclcpp/any_executable.hpp:20[m[K,
[3.636s]                  from [01m[K/opt/ros/humble/include/rclcpp/rclcpp/memory_strategy.hpp:25[m[K,
[3.636s]                  from [01m[K/opt/ros/humble/include/rclcpp/rclcpp/memory_strategies.hpp:18[m[K,
[3.636s]                  from [01m[K/opt/ros/humble/include/rclcpp/rclcpp/executor_options.hpp:20[m[K,
[3.636s]                  from [01m[K/opt/ros/humble/include/rclcpp/rclcpp/executor.hpp:37[m[K,
[3.636s]                  from [01m[K/opt/ros/humble/include/rclcpp/rclcpp/executors/multi_threaded_executor.hpp:25[m[K,
[3.636s]                  from [01m[K/opt/ros/humble/include/rclcpp/rclcpp/executors.hpp:21[m[K,
[3.636s]                  from [01m[K/opt/ros/humble/include/rclcpp/rclcpp/rclcpp.hpp:155[m[K,
[3.636s]                  from [01m[K/home/jason/lift_ws/src/lift_control/src/lift_state.cpp:7[m[K:
[3.636s] [01m[K/home/jason/lift_ws/src/lift_control/src/lift_state.cpp:[m[K In member function â€˜[01m[Krclcpp_action::GoalResponse Lift_State::handle_goal(...)[m[Kâ€™:
[3.636s] [01m[K/home/jason/lift_ws/src/lift_control/src/lift_state.cpp:64:69:[m[K [01;31m[Kerror: [m[Kâ€˜[01m[Kgoal[m[Kâ€™ was not declared in this scope
[3.636s]    64 |     RCLCPP_INFO(this->get_logger(), "Received command request: %d", [01;31m[Kgoal[m[K->command);
[3.636s]       |                                                                     [01;31m[K^~~~[m[K
[3.638s] [01m[K/home/jason/lift_ws/src/lift_control/src/lift_state.cpp:69:9:[m[K [01;31m[Kerror: [m[Kâ€˜[01m[Kgoal[m[Kâ€™ was not declared in this scope
[3.638s]    69 |     if ([01;31m[Kgoal[m[K->command < 0) {
[3.639s]       |         [01;31m[K^~~~[m[K
[3.639s] [01m[K/home/jason/lift_ws/src/lift_control/src/lift_state.cpp:[m[K In member function â€˜[01m[Kvoid Lift_State::execute(int)[m[Kâ€™:
[3.639s] [01m[K/home/jason/lift_ws/src/lift_control/src/lift_state.cpp:96:34:[m[K [01;31m[Kerror: [m[Kbase operand of â€˜[01m[K->[m[Kâ€™ is not a pointer
[3.640s]    96 |     const auto goal = goal_handle[01;31m[K->[m[Kget_goal();
[3.640s]       |                                  [01;31m[K^~[m[K
[3.644s] [01m[K/home/jason/lift_ws/src/lift_control/src/lift_state.cpp:97:38:[m[K [01;31m[Kerror: [m[Kâ€˜[01m[KCommand[m[Kâ€™ was not declared in this scope
[3.644s]    97 |     auto feedback = std::make_shared<[01;31m[KCommand[m[K::Feedback>();
[3.644s]       |                                      [01;31m[K^~~~~~~[m[K
[3.644s] [01m[K/home/jason/lift_ws/src/lift_control/src/lift_state.cpp:97:26:[m[K [01;31m[Kerror: [m[Kparse error in template argument list
[3.644s]    97 |     auto feedback = std::[01;31m[Kmake_shared<Command::Feedback>[m[K();
[3.644s]       |                          [01;31m[K^~~~~~~~~~~~~~~~~~~~~~~~~~~~~~[m[K
[3.644s] [01m[K/home/jason/lift_ws/src/lift_control/src/lift_state.cpp:97:56:[m[K [01;31m[Kerror: [m[Kno matching function for call to â€˜[01m[Kmake_shared<<expression error> >()[m[Kâ€™
[3.644s]    97 |     auto feedback = [01;31m[Kstd::make_shared<Command::Feedback>()[m[K;
[3.644s]       |                     [01;31m[K~~~~~~~~~~~~~~~~~~~~~~~~~~~~~~~~~~~^~[m[K
[3.644s] In file included from [01m[K/usr/include/c++/11/memory:77[m[K,
[3.644s]                  from [01m[K/home/jason/lift_ws/src/lift_control/src/lift_state.cpp:3[m[K:
[3.644s] [01m[K/usr/include/c++/11/bits/shared_ptr.h:875:5:[m[K [01;36m[Knote: [m[Kcandidate: â€˜[01m[Ktemplate<class _Tp, class ... _Args> std::shared_ptr<_Tp> std::make_shared(_Args&& ...)[m[Kâ€™
[3.645s]   875 |     [01;36m[Kmake_shared[m[K(_Args&&... __args)
[3.645s]       |     [01;36m[K^~~~~~~~~~~[m[K
[3.645s] [01m[K/usr/include/c++/11/bits/shared_ptr.h:875:5:[m[K [01;36m[Knote: [m[K  template argument deduction/substitution failed:
[3.645s] [01m[K/home/jason/lift_ws/src/lift_control/src/lift_state.cpp:97:56:[m[K [01;31m[Kerror: [m[Ktemplate argument 1 is invalid
[3.645s]    97 |     auto feedback = [01;31m[Kstd::make_shared<Command::Feedback>()[m[K;
[3.645s]       |                     [01;31m[K~~~~~~~~~~~~~~~~~~~~~~~~~~~~~~~~~~~^~[m[K
[3.645s] [01m[K/home/jason/lift_ws/src/lift_control/src/lift_state.cpp:98:24:[m[K [01;31m[Kerror: [m[Kparse error in template argument list
[3.645s]    98 |     auto result = std::[01;31m[Kmake_shared<Command::Result>[m[K();
[3.645s]       |                        [01;31m[K^~~~~~~~~~~~~~~~~~~~~~~~~~~~[m[K
[3.645s] [01m[K/home/jason/lift_ws/src/lift_control/src/lift_state.cpp:98:52:[m[K [01;31m[Kerror: [m[Kno matching function for call to â€˜[01m[Kmake_shared<Command>()[m[Kâ€™
[3.645s]    98 |     auto result = [01;31m[Kstd::make_shared<Command::Result>()[m[K;
[3.645s]       |                   [01;31m[K~~~~~~~~~~~~~~~~~~~~~~~~~~~~~~~~~^~[m[K
[3.645s] In file included from [01m[K/usr/include/c++/11/memory:77[m[K,
[3.645s]                  from [01m[K/home/jason/lift_ws/src/lift_control/src/lift_state.cpp:3[m[K:
[3.646s] [01m[K/usr/include/c++/11/bits/shared_ptr.h:875:5:[m[K [01;36m[Knote: [m[Kcandidate: â€˜[01m[Ktemplate<class _Tp, class ... _Args> std::shared_ptr<_Tp> std::make_shared(_Args&& ...)[m[Kâ€™
[3.646s]   875 |     [01;36m[Kmake_shared[m[K(_Args&&... __args)
[3.646s]       |     [01;36m[K^~~~~~~~~~~[m[K
[3.646s] [01m[K/usr/include/c++/11/bits/shared_ptr.h:875:5:[m[K [01;36m[Knote: [m[K  template argument deduction/substitution failed:
[3.646s] [01m[K/home/jason/lift_ws/src/lift_control/src/lift_state.cpp:105:22:[m[K [01;31m[Kerror: [m[Kbase operand of â€˜[01m[K->[m[Kâ€™ is not a pointer
[3.646s]   105 |       if (goal_handle[01;31m[K->[m[Kis_canceling()) {
[3.646s]       |                      [01;31m[K^~[m[K
[3.646s] [01m[K/home/jason/lift_ws/src/lift_control/src/lift_state.cpp:107:20:[m[K [01;31m[Kerror: [m[Kbase operand of â€˜[01m[K->[m[Kâ€™ is not a pointer
[3.646s]   107 |         goal_handle[01;31m[K->[m[Kcanceled(result);
[3.646s]       |                    [01;31m[K^~[m[K
[3.646s] [01m[K/home/jason/lift_ws/src/lift_control/src/lift_state.cpp:115:18:[m[K [01;31m[Kerror: [m[Kbase operand of â€˜[01m[K->[m[Kâ€™ is not a pointer
[3.646s]   115 |       goal_handle[01;31m[K->[m[Kpublish_feedback(feedback);
[3.646s]       |                  [01;31m[K^~[m[K
[3.646s] [01m[K/home/jason/lift_ws/src/lift_control/src/lift_state.cpp:124:18:[m[K [01;31m[Kerror: [m[Kbase operand of â€˜[01m[K->[m[Kâ€™ is not a pointer
[3.646s]   124 |       goal_handle[01;31m[K->[m[Ksucceed(result);
[3.647s]       |                  [01;31m[K^~[m[K
[3.661s] [ 86%] [32m[1mLinking C shared library rosidl_generator_py/lift_control/lift_control_s__rosidl_typesupport_fastrtps_c.cpython-310-x86_64-linux-gnu.so[0m
[3.661s] [ 89%] [32m[1mLinking C shared library rosidl_generator_py/lift_control/lift_control_s__rosidl_typesupport_c.cpython-310-x86_64-linux-gnu.so[0m
[3.705s] [ 89%] Built target lift_control__rosidl_typesupport_fastrtps_c__pyext
[3.706s] [ 89%] Built target lift_control__rosidl_typesupport_c__pyext
[3.708s] [ 91%] [32m[1mLinking C shared library rosidl_generator_py/lift_control/lift_control_s__rosidl_typesupport_introspection_c.cpython-310-x86_64-linux-gnu.so[0m
[3.749s] [ 91%] Built target lift_control__rosidl_typesupport_introspection_c__pyext
[4.105s] gmake[2]: *** [CMakeFiles/action_server.dir/build.make:76: CMakeFiles/action_server.dir/src/lift_state.cpp.o] Error 1
[4.105s] gmake[1]: *** [CMakeFiles/Makefile2:596: CMakeFiles/action_server.dir/all] Error 2
[4.105s] gmake[1]: *** Waiting for unfinished jobs....
[4.229s] gmake[2]: *** [CMakeFiles/lift_state.dir/build.make:76: CMakeFiles/lift_state.dir/src/lift_state.cpp.o] Error 1
[4.229s] gmake[1]: *** [CMakeFiles/Makefile2:622: CMakeFiles/lift_state.dir/all] Error 2
[7.181s] [ 94%] [32m[1mLinking CXX executable lift_command[0m
[7.447s] [ 94%] Built target lift_command
[7.448s] gmake: *** [Makefile:146: all] Error 2
[7.450s] Invoked command in '/home/jason/lift_ws/src/lift_control/build/lift_control' returned '2': CMAKE_PREFIX_PATH=${CMAKE_PREFIX_PATH}:/home/jason/turtlebot3_ws/install/turtlebot3_teleop:/home/jason/turtlebot3_ws/install/turtlebot3_example:/home/jason/colcon_ws/install/tb3_multi_robot:/home/jason/colcon_ws/install/py_pubsub:/home/jason/colcon_ws/install/auto_nav:/opt/ros/humble /usr/bin/cmake --build /home/jason/lift_ws/src/lift_control/build/lift_control -- -j20 -l20
