[0.027s] Invoking command in '/home/jason/lift_ws/src/lift_control/build/lift_control': CMAKE_PREFIX_PATH=${CMAKE_PREFIX_PATH}:/home/jason/turtlebot3_ws/install/turtlebot3_teleop:/home/jason/turtlebot3_ws/install/turtlebot3_example:/home/jason/colcon_ws/install/tb3_multi_robot:/home/jason/colcon_ws/install/py_pubsub:/home/jason/colcon_ws/install/auto_nav:/opt/ros/humble /usr/bin/cmake --build /home/jason/lift_ws/src/lift_control/build/lift_control -- -j20 -l20
[0.092s] -- Found ament_cmake: 1.3.12 (/opt/ros/humble/share/ament_cmake/cmake)
[0.242s] -- Found rclcpp: 16.0.15 (/opt/ros/humble/share/rclcpp/cmake)
[0.282s] -- Found rosidl_generator_c: 3.1.7 (/opt/ros/humble/share/rosidl_generator_c/cmake)
[0.285s] -- Found rosidl_adapter: 3.1.7 (/opt/ros/humble/share/rosidl_adapter/cmake)
[0.293s] -- Found rosidl_generator_cpp: 3.1.7 (/opt/ros/humble/share/rosidl_generator_cpp/cmake)
[0.305s] -- Using all available rosidl_typesupport_c: rosidl_typesupport_fastrtps_c;rosidl_typesupport_introspection_c
[0.322s] -- Using all available rosidl_typesupport_cpp: rosidl_typesupport_fastrtps_cpp;rosidl_typesupport_introspection_cpp
[0.364s] -- Found rmw_implementation_cmake: 6.1.2 (/opt/ros/humble/share/rmw_implementation_cmake/cmake)
[0.366s] -- Found rmw_fastrtps_cpp: 6.2.9 (/opt/ros/humble/share/rmw_fastrtps_cpp/cmake)
[0.490s] -- Using RMW implementation 'rmw_fastrtps_cpp' as default
[0.548s] -- Found rclcpp_action: 16.0.15 (/opt/ros/humble/share/rclcpp_action/cmake)
[0.584s] -- Found rclcpp_components: 16.0.15 (/opt/ros/humble/share/rclcpp_components/cmake)
[0.607s] -- Found rosidl_default_generators: 1.2.0 (/opt/ros/humble/share/rosidl_default_generators/cmake)
[0.890s] -- Found ament_cmake_ros: 0.10.0 (/opt/ros/humble/share/ament_cmake_ros/cmake)
[1.263s] -- Using all available rosidl_typesupport_c: rosidl_typesupport_fastrtps_c;rosidl_typesupport_introspection_c
[1.416s] -- Using all available rosidl_typesupport_cpp: rosidl_typesupport_fastrtps_cpp;rosidl_typesupport_introspection_cpp
[1.468s] -- Found python_cmake_module: 0.10.0 (/opt/ros/humble/share/python_cmake_module/cmake)
[1.488s] -- Using PYTHON_EXECUTABLE: /usr/bin/python3
[1.488s] -- Using PYTHON_INCLUDE_DIRS: /usr/include/python3.10
[1.488s] -- Using PYTHON_LIBRARIES: /usr/lib/x86_64-linux-gnu/libpython3.10.so
[1.520s] -- Found ament_lint_auto: 0.12.14 (/opt/ros/humble/share/ament_lint_auto/cmake)
[1.555s] -- Added test 'cppcheck' to perform static code analysis on C / C++ code
[1.556s] -- Configured cppcheck include dirs: $<BUILD_INTERFACE:/home/jason/lift_ws/src/lift_control/build/lift_control/rosidl_generator_c>;$<BUILD_INTERFACE:/home/jason/lift_ws/src/lift_control/build/lift_control/rosidl_typesupport_fastrtps_c>;$<BUILD_INTERFACE:/home/jason/lift_ws/src/lift_control/build/lift_control/rosidl_generator_cpp>;$<BUILD_INTERFACE:/home/jason/lift_ws/src/lift_control/build/lift_control/rosidl_typesupport_fastrtps_cpp>;$<BUILD_INTERFACE:/home/jason/lift_ws/src/lift_control/build/lift_control/rosidl_typesupport_introspection_c>;$<BUILD_INTERFACE:/home/jason/lift_ws/src/lift_control/build/lift_control/rosidl_typesupport_introspection_cpp>;/home/jason/lift_ws/src/lift_control/build/lift_control/rosidl_generator_c;/home/jason/lift_ws/src/lift_control/build/lift_control/rosidl_generator_py;$<BUILD_INTERFACE:/home/jason/lift_ws/src/lift_control/include>
[1.556s] -- Configured cppcheck exclude dirs and/or files: 
[1.559s] -- Added test 'flake8' to check Python code syntax and style conventions
[1.565s] -- Added test 'lint_cmake' to check CMake code style
[1.567s] -- Added test 'pep257' to check Python code against some of the docstring style conventions in PEP 257
[1.589s] -- Added test 'uncrustify' to check C / C++ code style
[1.589s] -- Configured uncrustify additional arguments: 
[1.592s] -- Added test 'xmllint' to check XML markup files
[1.595s] -- Configuring done
[1.640s] -- Generating done
[1.655s] -- Build files have been written to: /home/jason/lift_ws/src/lift_control/build/lift_control
[1.707s] [35m[1mConsolidate compiler generated dependencies of target lift_control__rosidl_generator_c[0m
[1.711s] [35m[1mConsolidate compiler generated dependencies of target action_server[0m
[1.723s] [  2%] Built target lift_control__cpp
[1.734s] [ 10%] Built target lift_control__rosidl_generator_c
[1.745s] [ 10%] Built target ament_cmake_python_copy_lift_control
[1.753s] [35m[1mConsolidate compiler generated dependencies of target lift_control__rosidl_typesupport_introspection_cpp[0m
[1.755s] [35m[1mConsolidate compiler generated dependencies of target lift_control__rosidl_typesupport_cpp[0m
[1.756s] [35m[1mConsolidate compiler generated dependencies of target lift_control__rosidl_typesupport_c[0m
[1.758s] [35m[1mConsolidate compiler generated dependencies of target lift_control__rosidl_typesupport_introspection_c[0m
[1.761s] [35m[1mConsolidate compiler generated dependencies of target lift_control__rosidl_typesupport_fastrtps_c[0m
[1.762s] [ 13%] [32mBuilding CXX object CMakeFiles/action_server.dir/src/lift_state.cpp.o[0m
[1.772s] [35m[1mConsolidate compiler generated dependencies of target lift_control__rosidl_typesupport_fastrtps_cpp[0m
[1.779s] [ 21%] Built target lift_control__rosidl_typesupport_c
[1.780s] [ 29%] Built target lift_control__rosidl_typesupport_introspection_cpp
[1.782s] [ 37%] Built target lift_control__rosidl_typesupport_introspection_c
[1.786s] [ 45%] Built target lift_control__rosidl_typesupport_fastrtps_c
[1.786s] [ 54%] Built target lift_control__rosidl_typesupport_cpp
[1.797s] [35m[1mConsolidate compiler generated dependencies of target lift_state[0m
[1.803s] [35m[1mConsolidate compiler generated dependencies of target lift_command[0m
[1.809s] [ 62%] Built target lift_control__rosidl_typesupport_fastrtps_cpp
[1.814s] [ 64%] [32mBuilding CXX object CMakeFiles/lift_state.dir/src/lift_state.cpp.o[0m
[1.832s] [ 67%] [32mBuilding CXX object CMakeFiles/lift_command.dir/src/lift_command.cpp.o[0m
[1.834s] [ 67%] Built target lift_control
[1.877s] [ 70%] Built target lift_control__py
[1.907s] [35m[1mConsolidate compiler generated dependencies of target lift_control__rosidl_generator_py[0m
[1.935s] [ 75%] Built target lift_control__rosidl_generator_py
[1.948s] [35m[1mConsolidate compiler generated dependencies of target lift_control__rosidl_typesupport_c__pyext[0m
[1.952s] [35m[1mConsolidate compiler generated dependencies of target lift_control__rosidl_typesupport_introspection_c__pyext[0m
[1.963s] [35m[1mConsolidate compiler generated dependencies of target lift_control__rosidl_typesupport_fastrtps_c__pyext[0m
[1.965s] [ 81%] Built target lift_control__rosidl_typesupport_introspection_c__pyext
[1.969s] [ 86%] Built target lift_control__rosidl_typesupport_c__pyext
[1.982s] [ 91%] Built target lift_control__rosidl_typesupport_fastrtps_c__pyext
[1.998s] running egg_info
[1.999s] writing lift_control.egg-info/PKG-INFO
[1.999s] writing dependency_links to lift_control.egg-info/dependency_links.txt
[2.000s] writing top-level names to lift_control.egg-info/top_level.txt
[2.002s] reading manifest file 'lift_control.egg-info/SOURCES.txt'
[2.002s] writing manifest file 'lift_control.egg-info/SOURCES.txt'
[2.031s] [ 91%] Built target ament_cmake_python_build_lift_control_egg
[2.090s] [01m[K/home/jason/lift_ws/src/lift_control/src/lift_state.cpp:11:10:[m[K [01;31m[Kfatal error: [m[Klift_control/action/command.hpp: No such file or directory
[2.090s]    11 | #include [01;31m[K"lift_control/action/command.hpp"[m[K
[2.090s]       |          [01;31m[K^~~~~~~~~~~~~~~~~~~~~~~~~~~~~~~~~[m[K
[2.090s] compilation terminated.
[2.093s] gmake[2]: *** [CMakeFiles/action_server.dir/build.make:76: CMakeFiles/action_server.dir/src/lift_state.cpp.o] Error 1
[2.094s] gmake[1]: *** [CMakeFiles/Makefile2:596: CMakeFiles/action_server.dir/all] Error 2
[2.094s] gmake[1]: *** Waiting for unfinished jobs....
[7.003s] [ 94%] [32m[1mLinking CXX executable lift_state[0m
[7.262s] [ 94%] Built target lift_state
[8.956s] [ 97%] [32m[1mLinking CXX executable lift_command[0m
[9.319s] [ 97%] Built target lift_command
[9.320s] gmake: *** [Makefile:146: all] Error 2
[9.327s] Invoked command in '/home/jason/lift_ws/src/lift_control/build/lift_control' returned '2': CMAKE_PREFIX_PATH=${CMAKE_PREFIX_PATH}:/home/jason/turtlebot3_ws/install/turtlebot3_teleop:/home/jason/turtlebot3_ws/install/turtlebot3_example:/home/jason/colcon_ws/install/tb3_multi_robot:/home/jason/colcon_ws/install/py_pubsub:/home/jason/colcon_ws/install/auto_nav:/opt/ros/humble /usr/bin/cmake --build /home/jason/lift_ws/src/lift_control/build/lift_control -- -j20 -l20
