[0.000000] (-) TimerEvent: {}
[0.000462] (lift_control) JobQueued: {'identifier': 'lift_control', 'dependencies': OrderedDict()}
[0.001239] (lift_control) JobStarted: {'identifier': 'lift_control'}
[0.023171] (lift_control) JobProgress: {'identifier': 'lift_control', 'progress': 'cmake'}
[0.024507] (lift_control) JobProgress: {'identifier': 'lift_control', 'progress': 'build'}
[0.026038] (lift_control) Command: {'cmd': ['/usr/bin/cmake', '--build', '/home/jason/lift_ws/src/lift_control/build/lift_control', '--', '-j20', '-l20'], 'cwd': '/home/jason/lift_ws/src/lift_control/build/lift_control', 'env': OrderedDict([('GJS_DEBUG_TOPICS', 'JS ERROR;JS LOG'), ('USER', 'jason'), ('LC_TIME', 'id_ID.UTF-8'), ('XDG_SESSION_TYPE', 'wayland'), ('GIT_ASKPASS', '/usr/share/code/resources/app/extensions/git/dist/askpass.sh'), ('SHLVL', '1'), ('LD_LIBRARY_PATH', '/home/jason/turtlebot3_ws/install/turtlebot3_msgs/lib:/home/jason/turtlebot3_ws/install/dynamixel_sdk_custom_interfaces/lib:/home/jason/turtlebot3_ws/install/dynamixel_sdk/lib:/usr/lib/x86_64-linux-gnu/gazebo-11/plugins:/opt/ros/humble/opt/rviz_ogre_vendor/lib:/opt/ros/humble/lib/x86_64-linux-gnu:/opt/ros/humble/lib:/usr/lib/x86_64-linux-gnu/gazebo-11/plugins::/usr/lib/x86_64-linux-gnu/gazebo-11/plugins:/usr/lib/x86_64-linux-gnu/gazebo-11/plugins::/usr/lib/x86_64-linux-gnu/gazebo-11/plugins:/usr/lib/x86_64-linux-gnu/gazebo-11/plugins:/usr/lib/x86_64-linux-gnu/gazebo-11/plugins:'), ('HOME', '/home/jason'), ('CHROME_DESKTOP', 'code.desktop'), ('TERM_PROGRAM_VERSION', '1.105.1'), ('DESKTOP_SESSION', 'ubuntu'), ('GIO_LAUNCHED_DESKTOP_FILE', '/usr/share/applications/code.desktop'), ('GAZEBO_MASTER_URI', 'http://localhost:11345'), ('ROS_PYTHON_VERSION', '3'), ('GNOME_SHELL_SESSION_MODE', 'ubuntu'), ('GTK_MODULES', 'gail:atk-bridge'), ('VSCODE_GIT_ASKPASS_MAIN', '/usr/share/code/resources/app/extensions/git/dist/askpass-main.js'), ('LC_MONETARY', 'id_ID.UTF-8'), ('VSCODE_GIT_ASKPASS_NODE', '/usr/share/code/code'), ('MANAGERPID', '1912'), ('SYSTEMD_EXEC_PID', '2140'), ('IM_CONFIG_CHECK_ENV', '1'), ('VSCODE_PYTHON_AUTOACTIVATE_GUARD', '1'), ('DBUS_SESSION_BUS_ADDRESS', 'unix:path=/run/user/1000/bus'), ('COLORTERM', 'truecolor'), ('GIO_LAUNCHED_DESKTOP_FILE_PID', '2930'), ('IM_CONFIG_PHASE', '1'), ('WAYLAND_DISPLAY', 'wayland-0'), ('COLCON_PREFIX_PATH', '/home/jason/turtlebot3_ws/install:/home/jason/colcon_ws/install'), ('ROS_DISTRO', 'humble'), ('LOGNAME', 'jason'), ('JOURNAL_STREAM', '8:4600'), ('_', '/usr/bin/colcon'), ('ROS_VERSION', '2'), ('XDG_SESSION_CLASS', 'user'), ('USERNAME', 'jason'), ('TERM', 'xterm-256color'), ('GAZEBO_MODEL_PATH', '/usr/share/gazebo-11/models:/usr/share/gazebo-11/models:/usr/share/gazebo-11/models::/opt/ros/humble/share/turtlebot3_gazebo/models:/opt/ros/humble/share/turtlebot3_gazebo/models:/opt/ros/humble/share/turtlebot3_gazebo/models'), ('GNOME_DESKTOP_SESSION_ID', 'this-is-deprecated'), ('ROS_LOCALHOST_ONLY', '0'), ('OGRE_RESOURCE_PATH', '/usr/lib/x86_64-linux-gnu/OGRE-1.9.0'), ('PATH', '/home/jason/.local/bin:/home/jason/.local/bin:/home/jason/colcon_ws/install/tb3_multi_robot/bin:/opt/ros/humble/bin:/usr/local/sbin:/usr/local/bin:/usr/sbin:/usr/bin:/sbin:/bin:/usr/games:/usr/local/games:/snap/bin:/snap/bin:/home/jason/.config/Code/User/globalStorage/github.copilot-chat/debugCommand'), ('SESSION_MANAGER', 'local/jason-Yoga-Pro-9-14IRP8:@/tmp/.ICE-unix/2112,unix/jason-Yoga-Pro-9-14IRP8:/tmp/.ICE-unix/2112'), ('INVOCATION_ID', '090da8affc86462a9dd310d7454c8eeb'), ('XDG_MENU_PREFIX', 'gnome-'), ('LC_ADDRESS', 'id_ID.UTF-8'), ('GNOME_SETUP_DISPLAY', ':1'), ('XDG_RUNTIME_DIR', '/run/user/1000'), ('GDK_BACKEND', 'x11'), ('DISPLAY', ':0'), ('LANG', 'en_US.UTF-8'), ('XDG_CURRENT_DESKTOP', 'Unity'), ('LC_TELEPHONE', 'id_ID.UTF-8'), ('XMODIFIERS', '@im=ibus'), ('XDG_SESSION_DESKTOP', 'ubuntu'), ('XAUTHORITY', '/run/user/1000/.mutter-Xwaylandauth.AKPYF3'), ('VSCODE_GIT_IPC_HANDLE', '/run/user/1000/vscode-git-531805ea22.sock'), ('TERM_PROGRAM', 'vscode'), ('SSH_AGENT_LAUNCHER', 'gnome-keyring'), ('SSH_AUTH_SOCK', '/run/user/1000/keyring/ssh'), ('ROS_DOMAIN_ID', '30'), ('AMENT_PREFIX_PATH', '/home/jason/turtlebot3_ws/install/turtlebot3:/home/jason/turtlebot3_ws/install/turtlebot3_teleop:/home/jason/turtlebot3_ws/install/turtlebot3_simulations:/home/jason/turtlebot3_ws/install/turtlebot3_bringup:/home/jason/turtlebot3_ws/install/turtlebot3_node:/home/jason/turtlebot3_ws/install/turtlebot3_navigation2:/home/jason/turtlebot3_ws/install/turtlebot3_fake_node:/home/jason/turtlebot3_ws/install/turtlebot3_example:/home/jason/turtlebot3_ws/install/turtlebot3_msgs:/home/jason/turtlebot3_ws/install/turtlebot3_gazebo:/home/jason/turtlebot3_ws/install/turtlebot3_description:/home/jason/turtlebot3_ws/install/turtlebot3_cartographer:/home/jason/turtlebot3_ws/install/tb3_4_cartographer:/home/jason/turtlebot3_ws/install/dynamixel_sdk_examples:/home/jason/turtlebot3_ws/install/dynamixel_sdk_custom_interfaces:/home/jason/turtlebot3_ws/install/dynamixel_sdk:/home/jason/colcon_ws/install/tb3_multi_robot:/home/jason/colcon_ws/install/py_pubsub:/home/jason/colcon_ws/install/auto_nav:/opt/ros/humble'), ('ORIGINAL_XDG_CURRENT_DESKTOP', 'ubuntu:GNOME'), ('SHELL', '/bin/bash'), ('LC_NAME', 'id_ID.UTF-8'), ('QT_ACCESSIBILITY', '1'), ('GDMSESSION', 'ubuntu'), ('LC_MEASUREMENT', 'id_ID.UTF-8'), ('GAZEBO_RESOURCE_PATH', '/usr/share/gazebo-11:/usr/share/gazebo-11:/usr/share/gazebo-11:'), ('GJS_DEBUG_OUTPUT', 'stderr'), ('LC_IDENTIFICATION', 'id_ID.UTF-8'), ('GAZEBO_MODEL_DATABASE_URI', 'http://models.gazebosim.org'), ('VSCODE_GIT_ASKPASS_EXTRA_ARGS', ''), ('QT_IM_MODULE', 'ibus'), ('PWD', '/home/jason/lift_ws/src/lift_control/build/lift_control'), ('TURTLEBOT3_MODEL', 'burger'), ('LC_ALL', 'en_US.UTF-8'), ('XDG_CONFIG_DIRS', '/etc/xdg/xdg-ubuntu:/etc/xdg'), ('GAZEBO_PLUGIN_PATH', '/usr/lib/x86_64-linux-gnu/gazebo-11/plugins:/usr/lib/x86_64-linux-gnu/gazebo-11/plugins:/usr/lib/x86_64-linux-gnu/gazebo-11/plugins:'), ('XDG_DATA_DIRS', '/usr/share/ubuntu:/usr/local/share/:/usr/share/:/var/lib/snapd/desktop'), ('PYTHONPATH', '/home/jason/turtlebot3_ws/install/turtlebot3_teleop/lib/python3.10/site-packages:/home/jason/turtlebot3_ws/install/turtlebot3_example/lib/python3.10/site-packages:/home/jason/turtlebot3_ws/install/turtlebot3_msgs/local/lib/python3.10/dist-packages:/home/jason/turtlebot3_ws/install/dynamixel_sdk_custom_interfaces/local/lib/python3.10/dist-packages:/home/jason/colcon_ws/install/tb3_multi_robot/lib/python3.10/site-packages:/home/jason/colcon_ws/install/py_pubsub/lib/python3.10/site-packages:/home/jason/colcon_ws/install/auto_nav/lib/python3.10/site-packages:/opt/ros/humble/lib/python3.10/site-packages:/opt/ros/humble/local/lib/python3.10/dist-packages'), ('LC_NUMERIC', 'id_ID.UTF-8'), ('LC_PAPER', 'id_ID.UTF-8'), ('COLCON', '1'), ('CMAKE_PREFIX_PATH', '/home/jason/turtlebot3_ws/install/turtlebot3:/home/jason/turtlebot3_ws/install/turtlebot3_simulations:/home/jason/turtlebot3_ws/install/turtlebot3_bringup:/home/jason/turtlebot3_ws/install/turtlebot3_node:/home/jason/turtlebot3_ws/install/turtlebot3_navigation2:/home/jason/turtlebot3_ws/install/turtlebot3_fake_node:/home/jason/turtlebot3_ws/install/turtlebot3_msgs:/home/jason/turtlebot3_ws/install/turtlebot3_gazebo:/home/jason/turtlebot3_ws/install/turtlebot3_description:/home/jason/turtlebot3_ws/install/turtlebot3_cartographer:/home/jason/turtlebot3_ws/install/tb3_4_cartographer:/home/jason/turtlebot3_ws/install/dynamixel_sdk_examples:/home/jason/turtlebot3_ws/install/dynamixel_sdk_custom_interfaces:/home/jason/turtlebot3_ws/install/dynamixel_sdk:/home/jason/turtlebot3_ws/install/turtlebot3_teleop:/home/jason/turtlebot3_ws/install/turtlebot3_example:/home/jason/colcon_ws/install/tb3_multi_robot:/home/jason/colcon_ws/install/py_pubsub:/home/jason/colcon_ws/install/auto_nav:/opt/ros/humble')]), 'shell': False}
[0.092884] (lift_control) StdoutLine: {'line': b'-- Found ament_cmake: 1.3.12 (/opt/ros/humble/share/ament_cmake/cmake)\n'}
[0.100004] (-) TimerEvent: {}
[0.200443] (-) TimerEvent: {}
[0.242963] (lift_control) StdoutLine: {'line': b'-- Found rclcpp: 16.0.15 (/opt/ros/humble/share/rclcpp/cmake)\n'}
[0.282883] (lift_control) StdoutLine: {'line': b'-- Found rosidl_generator_c: 3.1.7 (/opt/ros/humble/share/rosidl_generator_c/cmake)\n'}
[0.286545] (lift_control) StdoutLine: {'line': b'-- Found rosidl_adapter: 3.1.7 (/opt/ros/humble/share/rosidl_adapter/cmake)\n'}
[0.293978] (lift_control) StdoutLine: {'line': b'-- Found rosidl_generator_cpp: 3.1.7 (/opt/ros/humble/share/rosidl_generator_cpp/cmake)\n'}
[0.300608] (-) TimerEvent: {}
[0.305949] (lift_control) StdoutLine: {'line': b'-- Using all available rosidl_typesupport_c: rosidl_typesupport_fastrtps_c;rosidl_typesupport_introspection_c\n'}
[0.323312] (lift_control) StdoutLine: {'line': b'-- Using all available rosidl_typesupport_cpp: rosidl_typesupport_fastrtps_cpp;rosidl_typesupport_introspection_cpp\n'}
[0.364887] (lift_control) StdoutLine: {'line': b'-- Found rmw_implementation_cmake: 6.1.2 (/opt/ros/humble/share/rmw_implementation_cmake/cmake)\n'}
[0.367258] (lift_control) StdoutLine: {'line': b'-- Found rmw_fastrtps_cpp: 6.2.9 (/opt/ros/humble/share/rmw_fastrtps_cpp/cmake)\n'}
[0.400835] (-) TimerEvent: {}
[0.491205] (lift_control) StdoutLine: {'line': b"-- Using RMW implementation 'rmw_fastrtps_cpp' as default\n"}
[0.500930] (-) TimerEvent: {}
[0.548859] (lift_control) StdoutLine: {'line': b'-- Found rclcpp_action: 16.0.15 (/opt/ros/humble/share/rclcpp_action/cmake)\n'}
[0.585230] (lift_control) StdoutLine: {'line': b'-- Found rclcpp_components: 16.0.15 (/opt/ros/humble/share/rclcpp_components/cmake)\n'}
[0.601021] (-) TimerEvent: {}
[0.608453] (lift_control) StdoutLine: {'line': b'-- Found rosidl_default_generators: 1.2.0 (/opt/ros/humble/share/rosidl_default_generators/cmake)\n'}
[0.701140] (-) TimerEvent: {}
[0.801526] (-) TimerEvent: {}
[0.891206] (lift_control) StdoutLine: {'line': b'-- Found ament_cmake_ros: 0.10.0 (/opt/ros/humble/share/ament_cmake_ros/cmake)\n'}
[0.901707] (-) TimerEvent: {}
[1.001933] (-) TimerEvent: {}
[1.102261] (-) TimerEvent: {}
[1.202539] (-) TimerEvent: {}
[1.264565] (lift_control) StdoutLine: {'line': b'-- Using all available rosidl_typesupport_c: rosidl_typesupport_fastrtps_c;rosidl_typesupport_introspection_c\n'}
[1.302731] (-) TimerEvent: {}
[1.403036] (-) TimerEvent: {}
[1.416992] (lift_control) StdoutLine: {'line': b'-- Using all available rosidl_typesupport_cpp: rosidl_typesupport_fastrtps_cpp;rosidl_typesupport_introspection_cpp\n'}
[1.468641] (lift_control) StdoutLine: {'line': b'-- Found python_cmake_module: 0.10.0 (/opt/ros/humble/share/python_cmake_module/cmake)\n'}
[1.488695] (lift_control) StdoutLine: {'line': b'-- Using PYTHON_EXECUTABLE: /usr/bin/python3\n'}
[1.488897] (lift_control) StdoutLine: {'line': b'-- Using PYTHON_INCLUDE_DIRS: /usr/include/python3.10\n'}
[1.488978] (lift_control) StdoutLine: {'line': b'-- Using PYTHON_LIBRARIES: /usr/lib/x86_64-linux-gnu/libpython3.10.so\n'}
[1.503121] (-) TimerEvent: {}
[1.521554] (lift_control) StdoutLine: {'line': b'-- Found ament_lint_auto: 0.12.14 (/opt/ros/humble/share/ament_lint_auto/cmake)\n'}
[1.556246] (lift_control) StdoutLine: {'line': b"-- Added test 'cppcheck' to perform static code analysis on C / C++ code\n"}
[1.557196] (lift_control) StdoutLine: {'line': b'-- Configured cppcheck include dirs: $<BUILD_INTERFACE:/home/jason/lift_ws/src/lift_control/build/lift_control/rosidl_generator_c>;$<BUILD_INTERFACE:/home/jason/lift_ws/src/lift_control/build/lift_control/rosidl_typesupport_fastrtps_c>;$<BUILD_INTERFACE:/home/jason/lift_ws/src/lift_control/build/lift_control/rosidl_generator_cpp>;$<BUILD_INTERFACE:/home/jason/lift_ws/src/lift_control/build/lift_control/rosidl_typesupport_fastrtps_cpp>;$<BUILD_INTERFACE:/home/jason/lift_ws/src/lift_control/build/lift_control/rosidl_typesupport_introspection_c>;$<BUILD_INTERFACE:/home/jason/lift_ws/src/lift_control/build/lift_control/rosidl_typesupport_introspection_cpp>;/home/jason/lift_ws/src/lift_control/build/lift_control/rosidl_generator_c;/home/jason/lift_ws/src/lift_control/build/lift_control/rosidl_generator_py;$<BUILD_INTERFACE:/home/jason/lift_ws/src/lift_control/include>\n'}
[1.557317] (lift_control) StdoutLine: {'line': b'-- Configured cppcheck exclude dirs and/or files: \n'}
[1.560339] (lift_control) StdoutLine: {'line': b"-- Added test 'flake8' to check Python code syntax and style conventions\n"}
[1.565731] (lift_control) StdoutLine: {'line': b"-- Added test 'lint_cmake' to check CMake code style\n"}
[1.568652] (lift_control) StdoutLine: {'line': b"-- Added test 'pep257' to check Python code against some of the docstring style conventions in PEP 257\n"}
[1.590062] (lift_control) StdoutLine: {'line': b"-- Added test 'uncrustify' to check C / C++ code style\n"}
[1.590183] (lift_control) StdoutLine: {'line': b'-- Configured uncrustify additional arguments: \n'}
[1.593270] (lift_control) StdoutLine: {'line': b"-- Added test 'xmllint' to check XML markup files\n"}
[1.596091] (lift_control) StdoutLine: {'line': b'-- Configuring done\n'}
[1.603236] (-) TimerEvent: {}
[1.640216] (lift_control) StdoutLine: {'line': b'-- Generating done\n'}
[1.656074] (lift_control) StdoutLine: {'line': b'-- Build files have been written to: /home/jason/lift_ws/src/lift_control/build/lift_control\n'}
[1.703704] (-) TimerEvent: {}
[1.707710] (lift_control) StdoutLine: {'line': b'\x1b[35m\x1b[1mConsolidate compiler generated dependencies of target lift_control__rosidl_generator_c\x1b[0m\n'}
[1.711731] (lift_control) StdoutLine: {'line': b'\x1b[35m\x1b[1mConsolidate compiler generated dependencies of target action_server\x1b[0m\n'}
[1.723483] (lift_control) StdoutLine: {'line': b'[  2%] Built target lift_control__cpp\n'}
[1.734799] (lift_control) StdoutLine: {'line': b'[ 10%] Built target lift_control__rosidl_generator_c\n'}
[1.745967] (lift_control) StdoutLine: {'line': b'[ 10%] Built target ament_cmake_python_copy_lift_control\n'}
[1.754195] (lift_control) StdoutLine: {'line': b'\x1b[35m\x1b[1mConsolidate compiler generated dependencies of target lift_control__rosidl_typesupport_introspection_cpp\x1b[0m\n'}
[1.755543] (lift_control) StdoutLine: {'line': b'\x1b[35m\x1b[1mConsolidate compiler generated dependencies of target lift_control__rosidl_typesupport_cpp\x1b[0m\n'}
[1.757247] (lift_control) StdoutLine: {'line': b'\x1b[35m\x1b[1mConsolidate compiler generated dependencies of target lift_control__rosidl_typesupport_c\x1b[0m\n'}
[1.758641] (lift_control) StdoutLine: {'line': b'\x1b[35m\x1b[1mConsolidate compiler generated dependencies of target lift_control__rosidl_typesupport_introspection_c\x1b[0m\n'}
[1.761240] (lift_control) StdoutLine: {'line': b'\x1b[35m\x1b[1mConsolidate compiler generated dependencies of target lift_control__rosidl_typesupport_fastrtps_c\x1b[0m\n'}
[1.762902] (lift_control) StdoutLine: {'line': b'[ 13%] \x1b[32mBuilding CXX object CMakeFiles/action_server.dir/src/lift_state.cpp.o\x1b[0m\n'}
[1.772322] (lift_control) StdoutLine: {'line': b'\x1b[35m\x1b[1mConsolidate compiler generated dependencies of target lift_control__rosidl_typesupport_fastrtps_cpp\x1b[0m\n'}
[1.779357] (lift_control) StdoutLine: {'line': b'[ 21%] Built target lift_control__rosidl_typesupport_c\n'}
[1.780512] (lift_control) StdoutLine: {'line': b'[ 29%] Built target lift_control__rosidl_typesupport_introspection_cpp\n'}
[1.783188] (lift_control) StdoutLine: {'line': b'[ 37%] Built target lift_control__rosidl_typesupport_introspection_c\n'}
[1.787335] (lift_control) StdoutLine: {'line': b'[ 45%] Built target lift_control__rosidl_typesupport_fastrtps_c\n'}
[1.787539] (lift_control) StdoutLine: {'line': b'[ 54%] Built target lift_control__rosidl_typesupport_cpp\n'}
[1.798041] (lift_control) StdoutLine: {'line': b'\x1b[35m\x1b[1mConsolidate compiler generated dependencies of target lift_state\x1b[0m\n'}
[1.803694] (-) TimerEvent: {}
[1.804404] (lift_control) StdoutLine: {'line': b'\x1b[35m\x1b[1mConsolidate compiler generated dependencies of target lift_command\x1b[0m\n'}
[1.809986] (lift_control) StdoutLine: {'line': b'[ 62%] Built target lift_control__rosidl_typesupport_fastrtps_cpp\n'}
[1.815304] (lift_control) StdoutLine: {'line': b'[ 64%] \x1b[32mBuilding CXX object CMakeFiles/lift_state.dir/src/lift_state.cpp.o\x1b[0m\n'}
[1.832408] (lift_control) StdoutLine: {'line': b'[ 67%] \x1b[32mBuilding CXX object CMakeFiles/lift_command.dir/src/lift_command.cpp.o\x1b[0m\n'}
[1.834128] (lift_control) StdoutLine: {'line': b'[ 67%] Built target lift_control\n'}
[1.877138] (lift_control) StdoutLine: {'line': b'[ 70%] Built target lift_control__py\n'}
[1.903928] (-) TimerEvent: {}
[1.907536] (lift_control) StdoutLine: {'line': b'\x1b[35m\x1b[1mConsolidate compiler generated dependencies of target lift_control__rosidl_generator_py\x1b[0m\n'}
[1.935238] (lift_control) StdoutLine: {'line': b'[ 75%] Built target lift_control__rosidl_generator_py\n'}
[1.948748] (lift_control) StdoutLine: {'line': b'\x1b[35m\x1b[1mConsolidate compiler generated dependencies of target lift_control__rosidl_typesupport_c__pyext\x1b[0m\n'}
[1.952333] (lift_control) StdoutLine: {'line': b'\x1b[35m\x1b[1mConsolidate compiler generated dependencies of target lift_control__rosidl_typesupport_introspection_c__pyext\x1b[0m\n'}
[1.963574] (lift_control) StdoutLine: {'line': b'\x1b[35m\x1b[1mConsolidate compiler generated dependencies of target lift_control__rosidl_typesupport_fastrtps_c__pyext\x1b[0m\n'}
[1.965848] (lift_control) StdoutLine: {'line': b'[ 81%] Built target lift_control__rosidl_typesupport_introspection_c__pyext\n'}
[1.969335] (lift_control) StdoutLine: {'line': b'[ 86%] Built target lift_control__rosidl_typesupport_c__pyext\n'}
[1.983377] (lift_control) StdoutLine: {'line': b'[ 91%] Built target lift_control__rosidl_typesupport_fastrtps_c__pyext\n'}
[1.999523] (lift_control) StdoutLine: {'line': b'running egg_info\n'}
[2.000394] (lift_control) StdoutLine: {'line': b'writing lift_control.egg-info/PKG-INFO\n'}
[2.000557] (lift_control) StdoutLine: {'line': b'writing dependency_links to lift_control.egg-info/dependency_links.txt\n'}
[2.000738] (lift_control) StdoutLine: {'line': b'writing top-level names to lift_control.egg-info/top_level.txt\n'}
[2.002860] (lift_control) StdoutLine: {'line': b"reading manifest file 'lift_control.egg-info/SOURCES.txt'\n"}
[2.003344] (lift_control) StdoutLine: {'line': b"writing manifest file 'lift_control.egg-info/SOURCES.txt'\n"}
[2.003978] (-) TimerEvent: {}
[2.031837] (lift_control) StdoutLine: {'line': b'[ 91%] Built target ament_cmake_python_build_lift_control_egg\n'}
[2.090861] (lift_control) StderrLine: {'line': b'\x1b[01m\x1b[K/home/jason/lift_ws/src/lift_control/src/lift_state.cpp:11:10:\x1b[m\x1b[K \x1b[01;31m\x1b[Kfatal error: \x1b[m\x1b[Klift_control/action/command.hpp: No such file or directory\n'}
[2.091110] (lift_control) StderrLine: {'line': b'   11 | #include \x1b[01;31m\x1b[K"lift_control/action/command.hpp"\x1b[m\x1b[K\n'}
[2.091207] (lift_control) StderrLine: {'line': b'      |          \x1b[01;31m\x1b[K^~~~~~~~~~~~~~~~~~~~~~~~~~~~~~~~~\x1b[m\x1b[K\n'}
[2.091283] (lift_control) StderrLine: {'line': b'compilation terminated.\n'}
[2.094125] (lift_control) StderrLine: {'line': b'gmake[2]: *** [CMakeFiles/action_server.dir/build.make:76: CMakeFiles/action_server.dir/src/lift_state.cpp.o] Error 1\n'}
[2.095520] (lift_control) StderrLine: {'line': b'gmake[1]: *** [CMakeFiles/Makefile2:596: CMakeFiles/action_server.dir/all] Error 2\n'}
[2.095686] (lift_control) StderrLine: {'line': b'gmake[1]: *** Waiting for unfinished jobs....\n'}
[2.104071] (-) TimerEvent: {}
[2.204456] (-) TimerEvent: {}
[2.304772] (-) TimerEvent: {}
[2.405133] (-) TimerEvent: {}
[2.505479] (-) TimerEvent: {}
[2.605842] (-) TimerEvent: {}
[2.706192] (-) TimerEvent: {}
[2.806545] (-) TimerEvent: {}
[2.906894] (-) TimerEvent: {}
[3.007385] (-) TimerEvent: {}
[3.107702] (-) TimerEvent: {}
[3.208050] (-) TimerEvent: {}
[3.308398] (-) TimerEvent: {}
[3.408748] (-) TimerEvent: {}
[3.509091] (-) TimerEvent: {}
[3.609438] (-) TimerEvent: {}
[3.709771] (-) TimerEvent: {}
[3.810076] (-) TimerEvent: {}
[3.910418] (-) TimerEvent: {}
[4.010782] (-) TimerEvent: {}
[4.111123] (-) TimerEvent: {}
[4.211470] (-) TimerEvent: {}
[4.311845] (-) TimerEvent: {}
[4.412195] (-) TimerEvent: {}
[4.512544] (-) TimerEvent: {}
[4.612906] (-) TimerEvent: {}
[4.713260] (-) TimerEvent: {}
[4.813617] (-) TimerEvent: {}
[4.913971] (-) TimerEvent: {}
[5.014318] (-) TimerEvent: {}
[5.114674] (-) TimerEvent: {}
[5.215034] (-) TimerEvent: {}
[5.315361] (-) TimerEvent: {}
[5.415775] (-) TimerEvent: {}
[5.516072] (-) TimerEvent: {}
[5.616406] (-) TimerEvent: {}
[5.716739] (-) TimerEvent: {}
[5.817104] (-) TimerEvent: {}
[5.917437] (-) TimerEvent: {}
[6.017777] (-) TimerEvent: {}
[6.118105] (-) TimerEvent: {}
[6.218437] (-) TimerEvent: {}
[6.318795] (-) TimerEvent: {}
[6.419136] (-) TimerEvent: {}
[6.519468] (-) TimerEvent: {}
[6.619818] (-) TimerEvent: {}
[6.720173] (-) TimerEvent: {}
[6.820548] (-) TimerEvent: {}
[6.920951] (-) TimerEvent: {}
[7.003624] (lift_control) StdoutLine: {'line': b'[ 94%] \x1b[32m\x1b[1mLinking CXX executable lift_state\x1b[0m\n'}
[7.021035] (-) TimerEvent: {}
[7.121291] (-) TimerEvent: {}
[7.221607] (-) TimerEvent: {}
[7.263179] (lift_control) StdoutLine: {'line': b'[ 94%] Built target lift_state\n'}
[7.321807] (-) TimerEvent: {}
[7.422166] (-) TimerEvent: {}
[7.522550] (-) TimerEvent: {}
[7.622954] (-) TimerEvent: {}
[7.723288] (-) TimerEvent: {}
[7.823733] (-) TimerEvent: {}
[7.924164] (-) TimerEvent: {}
[8.024586] (-) TimerEvent: {}
[8.124980] (-) TimerEvent: {}
[8.225361] (-) TimerEvent: {}
[8.325755] (-) TimerEvent: {}
[8.426141] (-) TimerEvent: {}
[8.526434] (-) TimerEvent: {}
[8.626751] (-) TimerEvent: {}
[8.727079] (-) TimerEvent: {}
[8.827405] (-) TimerEvent: {}
[8.927730] (-) TimerEvent: {}
[8.956645] (lift_control) StdoutLine: {'line': b'[ 97%] \x1b[32m\x1b[1mLinking CXX executable lift_command\x1b[0m\n'}
[9.027870] (-) TimerEvent: {}
[9.128237] (-) TimerEvent: {}
[9.228623] (-) TimerEvent: {}
[9.319699] (lift_control) StdoutLine: {'line': b'[ 97%] Built target lift_command\n'}
[9.321300] (lift_control) StderrLine: {'line': b'gmake: *** [Makefile:146: all] Error 2\n'}
[9.327494] (lift_control) CommandEnded: {'returncode': 2}
[9.328809] (-) TimerEvent: {}
[9.347342] (lift_control) JobEnded: {'identifier': 'lift_control', 'rc': 2}
[9.358549] (-) EventReactorShutdown: {}
